{"/home/majarra/Desktop/Frontend/SIS Frontend/SISFrontend/sis-frontend/src/api/apiConfig.js": {"path":"/home/majarra/Desktop/Frontend/SIS Frontend/SISFrontend/sis-frontend/src/api/apiConfig.js","statementMap":{"0":{"start":{"line":1,"column":72},"end":{"line":1,"column":null}},"1":{"start":{"line":2,"column":21},"end":{"line":2,"column":85}},"2":{"start":{"line":4,"column":24},"end":{"line":4,"column":71}},"3":{"start":{"line":5,"column":26},"end":{"line":5,"column":45}},"4":{"start":{"line":7,"column":31},"end":{"line":14,"column":1}},"5":{"start":{"line":8,"column":2},"end":{"line":8,"column":null}},"6":{"start":{"line":8,"column":31},"end":{"line":8,"column":57}},"7":{"start":{"line":9,"column":2},"end":{"line":13,"column":null}},"8":{"start":{"line":10,"column":4},"end":{"line":10,"column":null}},"9":{"start":{"line":12,"column":4},"end":{"line":12,"column":null}},"10":{"start":{"line":16,"column":24},"end":{"line":32,"column":1}},"11":{"start":{"line":17,"column":15},"end":{"line":17,"column":39}},"12":{"start":{"line":18,"column":19},"end":{"line":18,"column":83}},"13":{"start":{"line":19,"column":16},"end":{"line":19,"column":37}},"14":{"start":{"line":20,"column":25},"end":{"line":20,"column":61}},"15":{"start":{"line":22,"column":2},"end":{"line":29,"column":null}},"16":{"start":{"line":23,"column":4},"end":{"line":28,"column":null}},"17":{"start":{"line":31,"column":2},"end":{"line":31,"column":null}},"18":{"start":{"line":34,"column":30},"end":{"line":43,"column":1}},"19":{"start":{"line":35,"column":2},"end":{"line":35,"column":null}},"20":{"start":{"line":35,"column":13},"end":{"line":35,"column":null}},"21":{"start":{"line":36,"column":18},"end":{"line":36,"column":36}},"22":{"start":{"line":37,"column":2},"end":{"line":42,"column":null}},"23":{"start":{"line":38,"column":4},"end":{"line":41,"column":null}},"24":{"start":{"line":39,"column":20},"end":{"line":39,"column":75}},"25":{"start":{"line":39,"column":58},"end":{"line":39,"column":68}},"26":{"start":{"line":40,"column":6},"end":{"line":40,"column":null}},"27":{"start":{"line":45,"column":22},"end":{"line":48,"column":1}},"28":{"start":{"line":46,"column":14},"end":{"line":46,"column":55}},"29":{"start":{"line":46,"column":31},"end":{"line":46,"column":38}},"30":{"start":{"line":47,"column":2},"end":{"line":47,"column":null}},"31":{"start":{"line":50,"column":27},"end":{"line":54,"column":1}},"32":{"start":{"line":51,"column":2},"end":{"line":51,"column":null}},"33":{"start":{"line":51,"column":45},"end":{"line":51,"column":null}},"34":{"start":{"line":52,"column":17},"end":{"line":52,"column":30}},"35":{"start":{"line":53,"column":2},"end":{"line":53,"column":null}},"36":{"start":{"line":56,"column":29},"end":{"line":59,"column":1}},"37":{"start":{"line":57,"column":17},"end":{"line":57,"column":53}},"38":{"start":{"line":58,"column":2},"end":{"line":58,"column":null}},"39":{"start":{"line":61,"column":29},"end":{"line":63,"column":1}},"40":{"start":{"line":62,"column":2},"end":{"line":62,"column":null}}},"fnMap":{"0":{"name":"(anonymous_0)","decl":{"start":{"line":7,"column":31},"end":{"line":7,"column":36}},"loc":{"start":{"line":7,"column":63},"end":{"line":14,"column":1}},"line":7},"1":{"name":"(anonymous_1)","decl":{"start":{"line":8,"column":20},"end":{"line":8,"column":27}},"loc":{"start":{"line":8,"column":31},"end":{"line":8,"column":57}},"line":8},"2":{"name":"(anonymous_2)","decl":{"start":{"line":16,"column":24},"end":{"line":16,"column":25}},"loc":{"start":{"line":16,"column":53},"end":{"line":32,"column":1}},"line":16},"3":{"name":"(anonymous_3)","decl":{"start":{"line":34,"column":30},"end":{"line":34,"column":31}},"loc":{"start":{"line":34,"column":70},"end":{"line":43,"column":1}},"line":34},"4":{"name":"(anonymous_4)","decl":{"start":{"line":37,"column":22},"end":{"line":37,"column":26}},"loc":{"start":{"line":38,"column":4},"end":{"line":41,"column":null}},"line":38},"5":{"name":"(anonymous_5)","decl":{"start":{"line":38,"column":16},"end":{"line":38,"column":21}},"loc":{"start":{"line":38,"column":25},"end":{"line":41,"column":5}},"line":38},"6":{"name":"(anonymous_6)","decl":{"start":{"line":39,"column":44},"end":{"line":39,"column":45}},"loc":{"start":{"line":39,"column":58},"end":{"line":39,"column":68}},"line":39},"7":{"name":"(anonymous_7)","decl":{"start":{"line":45,"column":22},"end":{"line":45,"column":23}},"loc":{"start":{"line":45,"column":37},"end":{"line":48,"column":1}},"line":45},"8":{"name":"(anonymous_8)","decl":{"start":{"line":46,"column":23},"end":{"line":46,"column":27}},"loc":{"start":{"line":46,"column":31},"end":{"line":46,"column":38}},"line":46},"9":{"name":"(anonymous_9)","decl":{"start":{"line":50,"column":27},"end":{"line":50,"column":28}},"loc":{"start":{"line":50,"column":38},"end":{"line":54,"column":1}},"line":50},"10":{"name":"(anonymous_10)","decl":{"start":{"line":56,"column":29},"end":{"line":56,"column":30}},"loc":{"start":{"line":56,"column":35},"end":{"line":59,"column":1}},"line":56},"11":{"name":"(anonymous_11)","decl":{"start":{"line":61,"column":29},"end":{"line":61,"column":30}},"loc":{"start":{"line":61,"column":37},"end":{"line":63,"column":1}},"line":61}},"branchMap":{"0":{"loc":{"start":{"line":1,"column":72},"end":{"line":1,"column":null}},"type":"binary-expr","locations":[{"start":{"line":1,"column":72},"end":{"line":1,"column":null}},{"start":{"line":1,"column":72},"end":{"line":1,"column":null}}],"line":1},"1":{"loc":{"start":{"line":2,"column":22},"end":{"line":2,"column":59}},"type":"binary-expr","locations":[{"start":{"line":2,"column":22},"end":{"line":2,"column":53}},{"start":{"line":2,"column":57},"end":{"line":2,"column":59}}],"line":2},"2":{"loc":{"start":{"line":4,"column":24},"end":{"line":4,"column":71}},"type":"binary-expr","locations":[{"start":{"line":4,"column":24},"end":{"line":4,"column":35}},{"start":{"line":4,"column":40},"end":{"line":4,"column":70}}],"line":4},"3":{"loc":{"start":{"line":4,"column":40},"end":{"line":4,"column":70}},"type":"cond-expr","locations":[{"start":{"line":4,"column":55},"end":{"line":4,"column":61}},{"start":{"line":4,"column":64},"end":{"line":4,"column":70}}],"line":4},"4":{"loc":{"start":{"line":7,"column":47},"end":{"line":7,"column":58}},"type":"default-arg","locations":[{"start":{"line":7,"column":55},"end":{"line":7,"column":58}}],"line":7},"5":{"loc":{"start":{"line":16,"column":25},"end":{"line":16,"column":35}},"type":"default-arg","locations":[{"start":{"line":16,"column":33},"end":{"line":16,"column":35}}],"line":16},"6":{"loc":{"start":{"line":16,"column":37},"end":{"line":16,"column":48}},"type":"default-arg","locations":[{"start":{"line":16,"column":46},"end":{"line":16,"column":48}}],"line":16},"7":{"loc":{"start":{"line":17,"column":15},"end":{"line":17,"column":39}},"type":"binary-expr","locations":[{"start":{"line":17,"column":15},"end":{"line":17,"column":34}},{"start":{"line":17,"column":38},"end":{"line":17,"column":39}}],"line":17},"8":{"loc":{"start":{"line":18,"column":19},"end":{"line":18,"column":83}},"type":"binary-expr","locations":[{"start":{"line":18,"column":19},"end":{"line":18,"column":62}},{"start":{"line":18,"column":66},"end":{"line":18,"column":78}},{"start":{"line":18,"column":82},"end":{"line":18,"column":83}}],"line":18},"9":{"loc":{"start":{"line":22,"column":2},"end":{"line":29,"column":null}},"type":"if","locations":[{"start":{"line":22,"column":2},"end":{"line":29,"column":null}},{"start":{},"end":{}}],"line":22},"10":{"loc":{"start":{"line":22,"column":6},"end":{"line":22,"column":56}},"type":"binary-expr","locations":[{"start":{"line":22,"column":6},"end":{"line":22,"column":17}},{"start":{"line":22,"column":21},"end":{"line":22,"column":37}},{"start":{"line":22,"column":41},"end":{"line":22,"column":56}}],"line":22},"11":{"loc":{"start":{"line":34,"column":31},"end":{"line":34,"column":41}},"type":"default-arg","locations":[{"start":{"line":34,"column":39},"end":{"line":34,"column":41}}],"line":34},"12":{"loc":{"start":{"line":34,"column":43},"end":{"line":34,"column":54}},"type":"default-arg","locations":[{"start":{"line":34,"column":52},"end":{"line":34,"column":54}}],"line":34},"13":{"loc":{"start":{"line":34,"column":56},"end":{"line":34,"column":65}},"type":"default-arg","locations":[{"start":{"line":34,"column":63},"end":{"line":34,"column":65}}],"line":34},"14":{"loc":{"start":{"line":35,"column":2},"end":{"line":35,"column":null}},"type":"if","locations":[{"start":{"line":35,"column":2},"end":{"line":35,"column":null}},{"start":{},"end":{}}],"line":35},"15":{"loc":{"start":{"line":40,"column":13},"end":{"line":40,"column":79}},"type":"binary-expr","locations":[{"start":{"line":40,"column":13},"end":{"line":40,"column":38}},{"start":{"line":40,"column":42},"end":{"line":40,"column":79}}],"line":40},"16":{"loc":{"start":{"line":45,"column":23},"end":{"line":45,"column":32}},"type":"default-arg","locations":[{"start":{"line":45,"column":30},"end":{"line":45,"column":32}}],"line":45},"17":{"loc":{"start":{"line":47,"column":9},"end":{"line":47,"column":46}},"type":"cond-expr","locations":[{"start":{"line":47,"column":22},"end":{"line":47,"column":42}},{"start":{"line":47,"column":45},"end":{"line":47,"column":46}}],"line":47},"18":{"loc":{"start":{"line":51,"column":2},"end":{"line":51,"column":null}},"type":"if","locations":[{"start":{"line":51,"column":2},"end":{"line":51,"column":null}},{"start":{},"end":{}}],"line":51},"19":{"loc":{"start":{"line":51,"column":6},"end":{"line":51,"column":43}},"type":"binary-expr","locations":[{"start":{"line":51,"column":6},"end":{"line":51,"column":20}},{"start":{"line":51,"column":24},"end":{"line":51,"column":43}}],"line":51},"20":{"loc":{"start":{"line":53,"column":9},"end":{"line":53,"column":46}},"type":"cond-expr","locations":[{"start":{"line":53,"column":32},"end":{"line":53,"column":37}},{"start":{"line":53,"column":40},"end":{"line":53,"column":46}}],"line":53},"21":{"loc":{"start":{"line":58,"column":9},"end":{"line":58,"column":39}},"type":"cond-expr","locations":[{"start":{"line":58,"column":18},"end":{"line":58,"column":32}},{"start":{"line":58,"column":35},"end":{"line":58,"column":39}}],"line":58}},"s":{"0":5,"1":5,"2":5,"3":5,"4":5,"5":1,"6":1,"7":1,"8":1,"9":0,"10":5,"11":2,"12":2,"13":2,"14":2,"15":2,"16":1,"17":1,"18":5,"19":1,"20":0,"21":1,"22":1,"23":2,"24":2,"25":4,"26":2,"27":5,"28":2,"29":2,"30":2,"31":5,"32":3,"33":1,"34":2,"35":2,"36":5,"37":2,"38":2,"39":5,"40":1},"f":{"0":1,"1":1,"2":2,"3":1,"4":2,"5":2,"6":4,"7":2,"8":2,"9":3,"10":2,"11":1},"b":{"0":[5,5],"1":[5,5],"2":[5,5],"3":[0,5],"4":[1],"5":[2],"6":[2],"7":[2,1],"8":[2,1,0],"9":[1,1],"10":[2,1,1],"11":[1],"12":[1],"13":[1],"14":[0,1],"15":[2,2],"16":[2],"17":[1,1],"18":[1,2],"19":[3,2],"20":[1,1],"21":[1,1]},"meta":{"lastBranch":22,"lastFunction":12,"lastStatement":41,"seen":{"s:1:72:1:Infinity":0,"b:1:72:1:Infinity:1:72:1:Infinity":0,"s:2:21:2:85":1,"b:2:22:2:53:2:57:2:59":1,"s:4:24:4:71":2,"b:4:24:4:35:4:40:4:70":2,"b:4:55:4:61:4:64:4:70":3,"s:5:26:5:45":3,"s:7:31:14:1":4,"f:7:31:7:36":0,"b:7:55:7:58":4,"s:8:2:8:Infinity":5,"f:8:20:8:27":1,"s:8:31:8:57":6,"s:9:2:13:Infinity":7,"s:10:4:10:Infinity":8,"s:12:4:12:Infinity":9,"s:16:24:32:1":10,"f:16:24:16:25":2,"b:16:33:16:35":5,"b:16:46:16:48":6,"s:17:15:17:39":11,"b:17:15:17:34:17:38:17:39":7,"s:18:19:18:83":12,"b:18:19:18:62:18:66:18:78:18:82:18:83":8,"s:19:16:19:37":13,"s:20:25:20:61":14,"b:22:2:29:Infinity:undefined:undefined:undefined:undefined":9,"s:22:2:29:Infinity":15,"b:22:6:22:17:22:21:22:37:22:41:22:56":10,"s:23:4:28:Infinity":16,"s:31:2:31:Infinity":17,"s:34:30:43:1":18,"f:34:30:34:31":3,"b:34:39:34:41":11,"b:34:52:34:54":12,"b:34:63:34:65":13,"b:35:2:35:Infinity:undefined:undefined:undefined:undefined":14,"s:35:2:35:Infinity":19,"s:35:13:35:Infinity":20,"s:36:18:36:36":21,"s:37:2:42:Infinity":22,"f:37:22:37:26":4,"s:38:4:41:Infinity":23,"f:38:16:38:21":5,"s:39:20:39:75":24,"f:39:44:39:45":6,"s:39:58:39:68":25,"s:40:6:40:Infinity":26,"b:40:13:40:38:40:42:40:79":15,"s:45:22:48:1":27,"f:45:22:45:23":7,"b:45:30:45:32":16,"s:46:14:46:55":28,"f:46:23:46:27":8,"s:46:31:46:38":29,"s:47:2:47:Infinity":30,"b:47:22:47:42:47:45:47:46":17,"s:50:27:54:1":31,"f:50:27:50:28":9,"b:51:2:51:Infinity:undefined:undefined:undefined:undefined":18,"s:51:2:51:Infinity":32,"b:51:6:51:20:51:24:51:43":19,"s:51:45:51:Infinity":33,"s:52:17:52:30":34,"s:53:2:53:Infinity":35,"b:53:32:53:37:53:40:53:46":20,"s:56:29:59:1":36,"f:56:29:56:30":10,"s:57:17:57:53":37,"s:58:2:58:Infinity":38,"b:58:18:58:32:58:35:58:39":21,"s:61:29:63:1":39,"f:61:29:61:30":11,"s:62:2:62:Infinity":40}}}
,"/home/majarra/Desktop/Frontend/SIS Frontend/SISFrontend/sis-frontend/src/api/apiclient.js": {"path":"/home/majarra/Desktop/Frontend/SIS Frontend/SISFrontend/sis-frontend/src/api/apiclient.js","statementMap":{"0":{"start":{"line":3,"column":16},"end":{"line":3,"column":80}},"1":{"start":{"line":5,"column":19},"end":{"line":5,"column":24}},"2":{"start":{"line":6,"column":18},"end":{"line":6,"column":20}},"3":{"start":{"line":9,"column":2},"end":{"line":15,"column":null}},"4":{"start":{"line":10,"column":4},"end":{"line":14,"column":null}},"5":{"start":{"line":11,"column":6},"end":{"line":11,"column":null}},"6":{"start":{"line":13,"column":6},"end":{"line":13,"column":null}},"7":{"start":{"line":17,"column":2},"end":{"line":17,"column":null}},"8":{"start":{"line":20,"column":18},"end":{"line":25,"column":2}},"9":{"start":{"line":28,"column":0},"end":{"line":38,"column":null}},"10":{"start":{"line":30,"column":18},"end":{"line":30,"column":54}},"11":{"start":{"line":31,"column":4},"end":{"line":34,"column":null}},"12":{"start":{"line":33,"column":6},"end":{"line":33,"column":null}},"13":{"start":{"line":35,"column":4},"end":{"line":35,"column":null}},"14":{"start":{"line":37,"column":13},"end":{"line":37,"column":null}},"15":{"start":{"line":41,"column":0},"end":{"line":105,"column":null}},"16":{"start":{"line":42,"column":16},"end":{"line":42,"column":24}},"17":{"start":{"line":44,"column":28},"end":{"line":44,"column":40}},"18":{"start":{"line":47,"column":4},"end":{"line":53,"column":null}},"19":{"start":{"line":48,"column":6},"end":{"line":48,"column":null}},"20":{"start":{"line":49,"column":27},"end":{"line":51,"column":45}},"21":{"start":{"line":52,"column":6},"end":{"line":52,"column":null}},"22":{"start":{"line":56,"column":4},"end":{"line":89,"column":null}},"23":{"start":{"line":57,"column":6},"end":{"line":64,"column":null}},"24":{"start":{"line":58,"column":8},"end":{"line":63,"column":null}},"25":{"start":{"line":59,"column":10},"end":{"line":59,"column":null}},"26":{"start":{"line":61,"column":10},"end":{"line":61,"column":null}},"27":{"start":{"line":62,"column":10},"end":{"line":62,"column":null}},"28":{"start":{"line":66,"column":6},"end":{"line":66,"column":null}},"29":{"start":{"line":67,"column":6},"end":{"line":67,"column":null}},"30":{"start":{"line":69,"column":28},"end":{"line":69,"column":65}},"31":{"start":{"line":70,"column":2},"end":{"line":88,"column":null}},"32":{"start":{"line":72,"column":25},"end":{"line":72,"column":33}},"33":{"start":{"line":73,"column":6},"end":{"line":73,"column":null}},"34":{"start":{"line":74,"column":6},"end":{"line":74,"column":null}},"35":{"start":{"line":75,"column":6},"end":{"line":75,"column":null}},"36":{"start":{"line":76,"column":6},"end":{"line":76,"column":null}},"37":{"start":{"line":77,"column":6},"end":{"line":77,"column":null}},"38":{"start":{"line":80,"column":6},"end":{"line":80,"column":null}},"39":{"start":{"line":81,"column":6},"end":{"line":81,"column":null}},"40":{"start":{"line":82,"column":6},"end":{"line":82,"column":null}},"41":{"start":{"line":83,"column":6},"end":{"line":83,"column":null}},"42":{"start":{"line":84,"column":6},"end":{"line":84,"column":null}},"43":{"start":{"line":87,"column":6},"end":{"line":87,"column":null}},"44":{"start":{"line":91,"column":4},"end":{"line":100,"column":null}},"45":{"start":{"line":92,"column":6},"end":{"line":92,"column":null}},"46":{"start":{"line":93,"column":11},"end":{"line":100,"column":null}},"47":{"start":{"line":94,"column":6},"end":{"line":94,"column":null}},"48":{"start":{"line":95,"column":11},"end":{"line":100,"column":null}},"49":{"start":{"line":96,"column":23},"end":{"line":98,"column":19}},"50":{"start":{"line":97,"column":31},"end":{"line":97,"column":49}},"51":{"start":{"line":99,"column":6},"end":{"line":99,"column":null}},"52":{"start":{"line":103,"column":4},"end":{"line":103,"column":null}}},"fnMap":{"0":{"name":"processQueue","decl":{"start":{"line":8,"column":9},"end":{"line":8,"column":21}},"loc":{"start":{"line":8,"column":43},"end":{"line":18,"column":null}},"line":8},"1":{"name":"(anonymous_1)","decl":{"start":{"line":9,"column":22},"end":{"line":9,"column":26}},"loc":{"start":{"line":9,"column":30},"end":{"line":15,"column":3}},"line":9},"2":{"name":"(anonymous_2)","decl":{"start":{"line":29,"column":2},"end":{"line":29,"column":3}},"loc":{"start":{"line":29,"column":14},"end":{"line":36,"column":3}},"line":29},"3":{"name":"(anonymous_3)","decl":{"start":{"line":37,"column":2},"end":{"line":37,"column":3}},"loc":{"start":{"line":37,"column":13},"end":{"line":37,"column":null}},"line":37},"4":{"name":"(anonymous_4)","decl":{"start":{"line":42,"column":2},"end":{"line":42,"column":3}},"loc":{"start":{"line":42,"column":16},"end":{"line":42,"column":24}},"line":42},"5":{"name":"(anonymous_5)","decl":{"start":{"line":43,"column":2},"end":{"line":43,"column":7}},"loc":{"start":{"line":43,"column":19},"end":{"line":104,"column":null}},"line":43},"6":{"name":"(anonymous_6)","decl":{"start":{"line":58,"column":27},"end":{"line":58,"column":35}},"loc":{"start":{"line":58,"column":53},"end":{"line":60,"column":9}},"line":58},"7":{"name":"(anonymous_7)","decl":{"start":{"line":60,"column":16},"end":{"line":60,"column":21}},"loc":{"start":{"line":60,"column":25},"end":{"line":63,"column":9}},"line":60},"8":{"name":"(anonymous_8)","decl":{"start":{"line":71,"column":10},"end":{"line":71,"column":13}},"loc":{"start":{"line":71,"column":17},"end":{"line":78,"column":5}},"line":71},"9":{"name":"(anonymous_9)","decl":{"start":{"line":79,"column":11},"end":{"line":79,"column":14}},"loc":{"start":{"line":79,"column":18},"end":{"line":85,"column":5}},"line":79},"10":{"name":"(anonymous_10)","decl":{"start":{"line":86,"column":13},"end":{"line":86,"column":14}},"loc":{"start":{"line":86,"column":19},"end":{"line":88,"column":5}},"line":86},"11":{"name":"(anonymous_11)","decl":{"start":{"line":97,"column":13},"end":{"line":97,"column":14}},"loc":{"start":{"line":97,"column":31},"end":{"line":97,"column":49}},"line":97}},"branchMap":{"0":{"loc":{"start":{"line":3,"column":16},"end":{"line":3,"column":80}},"type":"binary-expr","locations":[{"start":{"line":3,"column":16},"end":{"line":3,"column":49}},{"start":{"line":3,"column":53},"end":{"line":3,"column":80}}],"line":3},"1":{"loc":{"start":{"line":8,"column":29},"end":{"line":8,"column":41}},"type":"default-arg","locations":[{"start":{"line":8,"column":37},"end":{"line":8,"column":41}}],"line":8},"2":{"loc":{"start":{"line":10,"column":4},"end":{"line":14,"column":null}},"type":"if","locations":[{"start":{"line":10,"column":4},"end":{"line":14,"column":null}},{"start":{"line":12,"column":11},"end":{"line":14,"column":null}}],"line":10},"3":{"loc":{"start":{"line":31,"column":4},"end":{"line":34,"column":null}},"type":"if","locations":[{"start":{"line":31,"column":4},"end":{"line":34,"column":null}},{"start":{},"end":{}}],"line":31},"4":{"loc":{"start":{"line":47,"column":4},"end":{"line":53,"column":null}},"type":"if","locations":[{"start":{"line":47,"column":4},"end":{"line":53,"column":null}},{"start":{},"end":{}}],"line":47},"5":{"loc":{"start":{"line":49,"column":27},"end":{"line":51,"column":45}},"type":"binary-expr","locations":[{"start":{"line":49,"column":27},"end":{"line":49,"column":53}},{"start":{"line":50,"column":26},"end":{"line":50,"column":53}},{"start":{"line":51,"column":26},"end":{"line":51,"column":45}}],"line":49},"6":{"loc":{"start":{"line":56,"column":4},"end":{"line":89,"column":null}},"type":"if","locations":[{"start":{"line":56,"column":4},"end":{"line":89,"column":null}},{"start":{},"end":{}}],"line":56},"7":{"loc":{"start":{"line":56,"column":8},"end":{"line":56,"column":65}},"type":"binary-expr","locations":[{"start":{"line":56,"column":8},"end":{"line":56,"column":38}},{"start":{"line":56,"column":42},"end":{"line":56,"column":65}}],"line":56},"8":{"loc":{"start":{"line":57,"column":6},"end":{"line":64,"column":null}},"type":"if","locations":[{"start":{"line":57,"column":6},"end":{"line":64,"column":null}},{"start":{},"end":{}}],"line":57},"9":{"loc":{"start":{"line":91,"column":4},"end":{"line":100,"column":null}},"type":"if","locations":[{"start":{"line":91,"column":4},"end":{"line":100,"column":null}},{"start":{"line":93,"column":11},"end":{"line":100,"column":null}}],"line":91},"10":{"loc":{"start":{"line":93,"column":11},"end":{"line":100,"column":null}},"type":"if","locations":[{"start":{"line":93,"column":11},"end":{"line":100,"column":null}},{"start":{"line":95,"column":11},"end":{"line":100,"column":null}}],"line":93},"11":{"loc":{"start":{"line":95,"column":11},"end":{"line":100,"column":null}},"type":"if","locations":[{"start":{"line":95,"column":11},"end":{"line":100,"column":null}},{"start":{},"end":{}}],"line":95}},"s":{"0":5,"1":5,"2":5,"3":0,"4":0,"5":0,"6":0,"7":0,"8":5,"9":5,"10":2,"11":2,"12":1,"13":2,"14":0,"15":5,"16":0,"17":4,"18":4,"19":1,"20":1,"21":1,"22":3,"23":0,"24":0,"25":0,"26":0,"27":0,"28":0,"29":0,"30":0,"31":0,"32":0,"33":0,"34":0,"35":0,"36":0,"37":0,"38":0,"39":0,"40":0,"41":0,"42":0,"43":0,"44":3,"45":1,"46":2,"47":1,"48":1,"49":1,"50":1,"51":1,"52":0},"f":{"0":0,"1":0,"2":2,"3":0,"4":0,"5":4,"6":0,"7":0,"8":0,"9":0,"10":0,"11":1},"b":{"0":[5,0],"1":[0],"2":[0,0],"3":[1,1],"4":[1,3],"5":[1,0,0],"6":[0,3],"7":[3,0],"8":[0,0],"9":[1,2],"10":[1,1],"11":[1,0]},"meta":{"lastBranch":12,"lastFunction":12,"lastStatement":53,"seen":{"s:3:16:3:80":0,"b:3:16:3:49:3:53:3:80":0,"s:5:19:5:24":1,"s:6:18:6:20":2,"f:8:9:8:21":0,"b:8:37:8:41":1,"s:9:2:15:Infinity":3,"f:9:22:9:26":1,"b:10:4:14:Infinity:12:11:14:Infinity":2,"s:10:4:14:Infinity":4,"s:11:6:11:Infinity":5,"s:13:6:13:Infinity":6,"s:17:2:17:Infinity":7,"s:20:18:25:2":8,"s:28:0:38:Infinity":9,"f:29:2:29:3":2,"s:30:18:30:54":10,"b:31:4:34:Infinity:undefined:undefined:undefined:undefined":3,"s:31:4:34:Infinity":11,"s:33:6:33:Infinity":12,"s:35:4:35:Infinity":13,"f:37:2:37:3":3,"s:37:13:37:Infinity":14,"s:41:0:105:Infinity":15,"f:42:2:42:3":4,"s:42:16:42:24":16,"f:43:2:43:7":5,"s:44:28:44:40":17,"b:47:4:53:Infinity:undefined:undefined:undefined:undefined":4,"s:47:4:53:Infinity":18,"s:48:6:48:Infinity":19,"s:49:27:51:45":20,"b:49:27:49:53:50:26:50:53:51:26:51:45":5,"s:52:6:52:Infinity":21,"b:56:4:89:Infinity:undefined:undefined:undefined:undefined":6,"s:56:4:89:Infinity":22,"b:56:8:56:38:56:42:56:65":7,"b:57:6:64:Infinity:undefined:undefined:undefined:undefined":8,"s:57:6:64:Infinity":23,"s:58:8:63:Infinity":24,"f:58:27:58:35":6,"s:59:10:59:Infinity":25,"f:60:16:60:21":7,"s:61:10:61:Infinity":26,"s:62:10:62:Infinity":27,"s:66:6:66:Infinity":28,"s:67:6:67:Infinity":29,"s:69:28:69:65":30,"s:70:2:88:Infinity":31,"f:71:10:71:13":8,"s:72:25:72:33":32,"s:73:6:73:Infinity":33,"s:74:6:74:Infinity":34,"s:75:6:75:Infinity":35,"s:76:6:76:Infinity":36,"s:77:6:77:Infinity":37,"f:79:11:79:14":9,"s:80:6:80:Infinity":38,"s:81:6:81:Infinity":39,"s:82:6:82:Infinity":40,"s:83:6:83:Infinity":41,"s:84:6:84:Infinity":42,"f:86:13:86:14":10,"s:87:6:87:Infinity":43,"b:91:4:100:Infinity:93:11:100:Infinity":9,"s:91:4:100:Infinity":44,"s:92:6:92:Infinity":45,"b:93:11:100:Infinity:95:11:100:Infinity":10,"s:93:11:100:Infinity":46,"s:94:6:94:Infinity":47,"b:95:11:100:Infinity:undefined:undefined:undefined:undefined":11,"s:95:11:100:Infinity":48,"s:96:23:98:19":49,"f:97:13:97:14":11,"s:97:31:97:49":50,"s:99:6:99:Infinity":51,"s:103:4:103:Infinity":52}}}
,"/home/majarra/Desktop/Frontend/SIS Frontend/SISFrontend/sis-frontend/src/api/auth.js": {"path":"/home/majarra/Desktop/Frontend/SIS Frontend/SISFrontend/sis-frontend/src/api/auth.js","statementMap":{"0":{"start":{"line":5,"column":21},"end":{"line":31,"column":1}},"1":{"start":{"line":6,"column":2},"end":{"line":30,"column":null}},"2":{"start":{"line":7,"column":4},"end":{"line":13,"column":null}},"3":{"start":{"line":8,"column":31},"end":{"line":8,"column":71}},"4":{"start":{"line":9,"column":6},"end":{"line":9,"column":null}},"5":{"start":{"line":10,"column":6},"end":{"line":10,"column":null}},"6":{"start":{"line":11,"column":5},"end":{"line":11,"column":null}},"7":{"start":{"line":12,"column":6},"end":{"line":12,"column":null}},"8":{"start":{"line":15,"column":21},"end":{"line":15,"column":76}},"9":{"start":{"line":16,"column":32},"end":{"line":16,"column":45}},"10":{"start":{"line":18,"column":4},"end":{"line":18,"column":null}},"11":{"start":{"line":19,"column":4},"end":{"line":19,"column":null}},"12":{"start":{"line":20,"column":4},"end":{"line":20,"column":null}},"13":{"start":{"line":22,"column":25},"end":{"line":22,"column":58}},"14":{"start":{"line":23,"column":4},"end":{"line":26,"column":null}},"15":{"start":{"line":28,"column":4},"end":{"line":28,"column":null}},"16":{"start":{"line":29,"column":4},"end":{"line":29,"column":null}},"17":{"start":{"line":33,"column":28},"end":{"line":56,"column":1}},"18":{"start":{"line":34,"column":24},"end":{"line":34,"column":61}},"19":{"start":{"line":35,"column":2},"end":{"line":37,"column":null}},"20":{"start":{"line":36,"column":4},"end":{"line":36,"column":null}},"21":{"start":{"line":39,"column":2},"end":{"line":55,"column":null}},"22":{"start":{"line":40,"column":4},"end":{"line":44,"column":null}},"23":{"start":{"line":41,"column":19},"end":{"line":41,"column":81}},"24":{"start":{"line":42,"column":6},"end":{"line":42,"column":null}},"25":{"start":{"line":43,"column":6},"end":{"line":43,"column":null}},"26":{"start":{"line":46,"column":21},"end":{"line":46,"column":88}},"27":{"start":{"line":47,"column":23},"end":{"line":47,"column":36}},"28":{"start":{"line":48,"column":4},"end":{"line":48,"column":null}},"29":{"start":{"line":49,"column":4},"end":{"line":49,"column":null}},"30":{"start":{"line":50,"column":4},"end":{"line":50,"column":null}},"31":{"start":{"line":52,"column":4},"end":{"line":52,"column":null}},"32":{"start":{"line":53,"column":4},"end":{"line":53,"column":null}},"33":{"start":{"line":54,"column":4},"end":{"line":54,"column":null}},"34":{"start":{"line":58,"column":30},"end":{"line":64,"column":1}},"35":{"start":{"line":59,"column":2},"end":{"line":61,"column":null}},"36":{"start":{"line":60,"column":4},"end":{"line":60,"column":null}},"37":{"start":{"line":62,"column":19},"end":{"line":62,"column":52}},"38":{"start":{"line":63,"column":2},"end":{"line":63,"column":null}}},"fnMap":{"0":{"name":"(anonymous_0)","decl":{"start":{"line":5,"column":21},"end":{"line":5,"column":26}},"loc":{"start":{"line":5,"column":51},"end":{"line":31,"column":1}},"line":5},"1":{"name":"(anonymous_1)","decl":{"start":{"line":33,"column":28},"end":{"line":33,"column":33}},"loc":{"start":{"line":33,"column":40},"end":{"line":56,"column":1}},"line":33},"2":{"name":"(anonymous_2)","decl":{"start":{"line":58,"column":30},"end":{"line":58,"column":35}},"loc":{"start":{"line":58,"column":42},"end":{"line":64,"column":1}},"line":58}},"branchMap":{"0":{"loc":{"start":{"line":7,"column":4},"end":{"line":13,"column":null}},"type":"if","locations":[{"start":{"line":7,"column":4},"end":{"line":13,"column":null}},{"start":{},"end":{}}],"line":7},"1":{"loc":{"start":{"line":28,"column":34},"end":{"line":28,"column":57}},"type":"binary-expr","locations":[{"start":{"line":28,"column":34},"end":{"line":28,"column":48}},{"start":{"line":28,"column":52},"end":{"line":28,"column":57}}],"line":28},"2":{"loc":{"start":{"line":35,"column":2},"end":{"line":37,"column":null}},"type":"if","locations":[{"start":{"line":35,"column":2},"end":{"line":37,"column":null}},{"start":{},"end":{}}],"line":35},"3":{"loc":{"start":{"line":35,"column":6},"end":{"line":35,"column":35}},"type":"binary-expr","locations":[{"start":{"line":35,"column":6},"end":{"line":35,"column":20}},{"start":{"line":35,"column":24},"end":{"line":35,"column":35}}],"line":35},"4":{"loc":{"start":{"line":40,"column":4},"end":{"line":44,"column":null}},"type":"if","locations":[{"start":{"line":40,"column":4},"end":{"line":44,"column":null}},{"start":{},"end":{}}],"line":40},"5":{"loc":{"start":{"line":41,"column":47},"end":{"line":41,"column":80}},"type":"binary-expr","locations":[{"start":{"line":41,"column":47},"end":{"line":41,"column":60}},{"start":{"line":41,"column":64},"end":{"line":41,"column":80}}],"line":41},"6":{"loc":{"start":{"line":59,"column":2},"end":{"line":61,"column":null}},"type":"if","locations":[{"start":{"line":59,"column":2},"end":{"line":61,"column":null}},{"start":{},"end":{}}],"line":59}},"s":{"0":11,"1":2,"2":2,"3":1,"4":1,"5":1,"6":1,"7":1,"8":1,"9":1,"10":1,"11":1,"12":1,"13":1,"14":1,"15":0,"16":0,"17":11,"18":4,"19":4,"20":1,"21":3,"22":3,"23":1,"24":1,"25":1,"26":2,"27":1,"28":1,"29":1,"30":1,"31":1,"32":1,"33":1,"34":11,"35":1,"36":1,"37":0,"38":0},"f":{"0":2,"1":4,"2":1},"b":{"0":[1,1],"1":[0,0],"2":[1,3],"3":[4,1],"4":[1,2],"5":[1,0],"6":[1,0]},"meta":{"lastBranch":7,"lastFunction":3,"lastStatement":39,"seen":{"s:5:21:31:1":0,"f:5:21:5:26":0,"s:6:2:30:Infinity":1,"b:7:4:13:Infinity:undefined:undefined:undefined:undefined":0,"s:7:4:13:Infinity":2,"s:8:31:8:71":3,"s:9:6:9:Infinity":4,"s:10:6:10:Infinity":5,"s:11:5:11:Infinity":6,"s:12:6:12:Infinity":7,"s:15:21:15:76":8,"s:16:32:16:45":9,"s:18:4:18:Infinity":10,"s:19:4:19:Infinity":11,"s:20:4:20:Infinity":12,"s:22:25:22:58":13,"s:23:4:26:Infinity":14,"s:28:4:28:Infinity":15,"b:28:34:28:48:28:52:28:57":1,"s:29:4:29:Infinity":16,"s:33:28:56:1":17,"f:33:28:33:33":1,"s:34:24:34:61":18,"b:35:2:37:Infinity:undefined:undefined:undefined:undefined":2,"s:35:2:37:Infinity":19,"b:35:6:35:20:35:24:35:35":3,"s:36:4:36:Infinity":20,"s:39:2:55:Infinity":21,"b:40:4:44:Infinity:undefined:undefined:undefined:undefined":4,"s:40:4:44:Infinity":22,"s:41:19:41:81":23,"b:41:47:41:60:41:64:41:80":5,"s:42:6:42:Infinity":24,"s:43:6:43:Infinity":25,"s:46:21:46:88":26,"s:47:23:47:36":27,"s:48:4:48:Infinity":28,"s:49:4:49:Infinity":29,"s:50:4:50:Infinity":30,"s:52:4:52:Infinity":31,"s:53:4:53:Infinity":32,"s:54:4:54:Infinity":33,"s:58:30:64:1":34,"f:58:30:58:35":2,"b:59:2:61:Infinity:undefined:undefined:undefined:undefined":6,"s:59:2:61:Infinity":35,"s:60:4:60:Infinity":36,"s:62:19:62:52":37,"s:63:2:63:Infinity":38}}}
,"/home/majarra/Desktop/Frontend/SIS Frontend/SISFrontend/sis-frontend/src/api/mocks/data.js": {"path":"/home/majarra/Desktop/Frontend/SIS Frontend/SISFrontend/sis-frontend/src/api/mocks/data.js","statementMap":{"0":{"start":{"line":1,"column":20},"end":{"line":34,"column":1}},"1":{"start":{"line":36,"column":14},"end":{"line":199,"column":1}},"2":{"start":{"line":201,"column":17},"end":{"line":222,"column":1}},"3":{"start":{"line":224,"column":16},"end":{"line":299,"column":1}},"4":{"start":{"line":301,"column":14},"end":{"line":316,"column":1}},"5":{"start":{"line":318,"column":24},"end":{"line":355,"column":1}},"6":{"start":{"line":357,"column":0},"end":{"line":359,"column":null}},"7":{"start":{"line":358,"column":2},"end":{"line":358,"column":null}},"8":{"start":{"line":358,"column":56},"end":{"line":358,"column":88}},"9":{"start":{"line":361,"column":20},"end":{"line":383,"column":1}},"10":{"start":{"line":385,"column":26},"end":{"line":385,"column":28}},"11":{"start":{"line":387,"column":24},"end":{"line":391,"column":1}},"12":{"start":{"line":393,"column":15},"end":{"line":418,"column":1}},"13":{"start":{"line":420,"column":0},"end":{"line":420,"column":null}},"14":{"start":{"line":421,"column":0},"end":{"line":421,"column":null}},"15":{"start":{"line":422,"column":0},"end":{"line":422,"column":null}},"16":{"start":{"line":423,"column":0},"end":{"line":423,"column":null}},"17":{"start":{"line":424,"column":0},"end":{"line":424,"column":null}},"18":{"start":{"line":425,"column":0},"end":{"line":425,"column":null}},"19":{"start":{"line":427,"column":22},"end":{"line":438,"column":1}}},"fnMap":{"0":{"name":"(anonymous_0)","decl":{"start":{"line":357,"column":16},"end":{"line":357,"column":22}},"loc":{"start":{"line":357,"column":26},"end":{"line":359,"column":1}},"line":357},"1":{"name":"(anonymous_1)","decl":{"start":{"line":358,"column":44},"end":{"line":358,"column":52}},"loc":{"start":{"line":358,"column":56},"end":{"line":358,"column":88}},"line":358}},"branchMap":{},"s":{"0":4,"1":4,"2":4,"3":4,"4":4,"5":4,"6":4,"7":20,"8":60,"9":4,"10":4,"11":4,"12":4,"13":4,"14":4,"15":4,"16":4,"17":4,"18":4,"19":4},"f":{"0":20,"1":60},"b":{},"meta":{"lastBranch":0,"lastFunction":2,"lastStatement":20,"seen":{"s:1:20:34:1":0,"s:36:14:199:1":1,"s:201:17:222:1":2,"s:224:16:299:1":3,"s:301:14:316:1":4,"s:318:24:355:1":5,"s:357:0:359:Infinity":6,"f:357:16:357:22":0,"s:358:2:358:Infinity":7,"f:358:44:358:52":1,"s:358:56:358:88":8,"s:361:20:383:1":9,"s:385:26:385:28":10,"s:387:24:391:1":11,"s:393:15:418:1":12,"s:420:0:420:Infinity":13,"s:421:0:421:Infinity":14,"s:422:0:422:Infinity":15,"s:423:0:423:Infinity":16,"s:424:0:424:Infinity":17,"s:425:0:425:Infinity":18,"s:427:22:438:1":19}}}
,"/home/majarra/Desktop/Frontend/SIS Frontend/SISFrontend/sis-frontend/src/api/mocks/mockApi.js": {"path":"/home/majarra/Desktop/Frontend/SIS Frontend/SISFrontend/sis-frontend/src/api/mocks/mockApi.js","statementMap":{"0":{"start":{"line":11,"column":23},"end":{"line":11,"column":91}},"1":{"start":{"line":11,"column":31},"end":{"line":11,"column":91}},"2":{"start":{"line":11,"column":63},"end":{"line":11,"column":90}},"3":{"start":{"line":13,"column":23},"end":{"line":17,"column":1}},"4":{"start":{"line":14,"column":2},"end":{"line":14,"column":null}},"5":{"start":{"line":14,"column":15},"end":{"line":14,"column":null}},"6":{"start":{"line":15,"column":21},"end":{"line":15,"column":78}},"7":{"start":{"line":16,"column":2},"end":{"line":16,"column":null}},"8":{"start":{"line":20,"column":24},"end":{"line":46,"column":1}},"9":{"start":{"line":22,"column":17},"end":{"line":22,"column":64}},"10":{"start":{"line":22,"column":40},"end":{"line":22,"column":63}},"11":{"start":{"line":23,"column":4},"end":{"line":25,"column":null}},"12":{"start":{"line":24,"column":6},"end":{"line":24,"column":null}},"13":{"start":{"line":26,"column":19},"end":{"line":29,"column":5}},"14":{"start":{"line":30,"column":4},"end":{"line":30,"column":null}},"15":{"start":{"line":34,"column":4},"end":{"line":36,"column":null}},"16":{"start":{"line":35,"column":6},"end":{"line":35,"column":null}},"17":{"start":{"line":37,"column":19},"end":{"line":37,"column":63}},"18":{"start":{"line":38,"column":4},"end":{"line":38,"column":null}},"19":{"start":{"line":42,"column":22},"end":{"line":42,"column":61}},"20":{"start":{"line":43,"column":17},"end":{"line":43,"column":79}},"21":{"start":{"line":43,"column":40},"end":{"line":43,"column":59}},"22":{"start":{"line":44,"column":4},"end":{"line":44,"column":null}},"23":{"start":{"line":49,"column":28},"end":{"line":168,"column":1}},"24":{"start":{"line":51,"column":29},"end":{"line":51,"column":35}},"25":{"start":{"line":52,"column":15},"end":{"line":52,"column":32}},"26":{"start":{"line":54,"column":4},"end":{"line":56,"column":null}},"27":{"start":{"line":55,"column":6},"end":{"line":55,"column":null}},"28":{"start":{"line":55,"column":33},"end":{"line":55,"column":51}},"29":{"start":{"line":58,"column":4},"end":{"line":62,"column":null}},"30":{"start":{"line":64,"column":4},"end":{"line":64,"column":null}},"31":{"start":{"line":68,"column":17},"end":{"line":68,"column":65}},"32":{"start":{"line":68,"column":40},"end":{"line":68,"column":64}},"33":{"start":{"line":69,"column":4},"end":{"line":69,"column":null}},"34":{"start":{"line":69,"column":15},"end":{"line":69,"column":null}},"35":{"start":{"line":70,"column":4},"end":{"line":70,"column":null}},"36":{"start":{"line":74,"column":23},"end":{"line":74,"column":83}},"37":{"start":{"line":75,"column":14},"end":{"line":75,"column":35}},"38":{"start":{"line":76,"column":20},"end":{"line":102,"column":5}},"39":{"start":{"line":104,"column":4},"end":{"line":104,"column":null}},"40":{"start":{"line":105,"column":4},"end":{"line":105,"column":null}},"41":{"start":{"line":109,"column":22},"end":{"line":109,"column":75}},"42":{"start":{"line":109,"column":50},"end":{"line":109,"column":74}},"43":{"start":{"line":110,"column":4},"end":{"line":110,"column":null}},"44":{"start":{"line":110,"column":26},"end":{"line":110,"column":null}},"45":{"start":{"line":112,"column":21},"end":{"line":112,"column":44}},"46":{"start":{"line":113,"column":23},"end":{"line":113,"column":106}},"47":{"start":{"line":115,"column":26},"end":{"line":122,"column":5}},"48":{"start":{"line":124,"column":25},"end":{"line":135,"column":5}},"49":{"start":{"line":137,"column":20},"end":{"line":145,"column":5}},"50":{"start":{"line":147,"column":4},"end":{"line":147,"column":null}},"51":{"start":{"line":148,"column":4},"end":{"line":148,"column":null}},"52":{"start":{"line":152,"column":16},"end":{"line":152,"column":69}},"53":{"start":{"line":152,"column":44},"end":{"line":152,"column":68}},"54":{"start":{"line":153,"column":4},"end":{"line":153,"column":null}},"55":{"start":{"line":153,"column":20},"end":{"line":153,"column":null}},"56":{"start":{"line":154,"column":4},"end":{"line":154,"column":null}},"57":{"start":{"line":155,"column":4},"end":{"line":155,"column":null}},"58":{"start":{"line":159,"column":23},"end":{"line":159,"column":44}},"59":{"start":{"line":160,"column":17},"end":{"line":160,"column":92}},"60":{"start":{"line":160,"column":40},"end":{"line":160,"column":72}},"61":{"start":{"line":161,"column":4},"end":{"line":161,"column":null}},"62":{"start":{"line":165,"column":21},"end":{"line":165,"column":37}},"63":{"start":{"line":166,"column":4},"end":{"line":166,"column":null}},"64":{"start":{"line":171,"column":34},"end":{"line":236,"column":1}},"65":{"start":{"line":173,"column":16},"end":{"line":177,"column":5}},"66":{"start":{"line":178,"column":4},"end":{"line":178,"column":null}},"67":{"start":{"line":182,"column":23},"end":{"line":182,"column":41}},"68":{"start":{"line":183,"column":4},"end":{"line":183,"column":null}},"69":{"start":{"line":183,"column":21},"end":{"line":183,"column":null}},"70":{"start":{"line":184,"column":4},"end":{"line":184,"column":null}},"71":{"start":{"line":188,"column":14},"end":{"line":188,"column":41}},"72":{"start":{"line":189,"column":26},"end":{"line":198,"column":5}},"73":{"start":{"line":199,"column":4},"end":{"line":199,"column":null}},"74":{"start":{"line":200,"column":4},"end":{"line":200,"column":null}},"75":{"start":{"line":204,"column":16},"end":{"line":204,"column":81}},"76":{"start":{"line":204,"column":53},"end":{"line":204,"column":80}},"77":{"start":{"line":205,"column":4},"end":{"line":205,"column":null}},"78":{"start":{"line":205,"column":20},"end":{"line":205,"column":null}},"79":{"start":{"line":206,"column":20},"end":{"line":211,"column":5}},"80":{"start":{"line":212,"column":4},"end":{"line":212,"column":null}},"81":{"start":{"line":213,"column":4},"end":{"line":213,"column":null}},"82":{"start":{"line":217,"column":16},"end":{"line":217,"column":81}},"83":{"start":{"line":217,"column":53},"end":{"line":217,"column":80}},"84":{"start":{"line":218,"column":4},"end":{"line":218,"column":null}},"85":{"start":{"line":218,"column":20},"end":{"line":218,"column":null}},"86":{"start":{"line":219,"column":4},"end":{"line":219,"column":null}},"87":{"start":{"line":220,"column":4},"end":{"line":220,"column":null}},"88":{"start":{"line":224,"column":17},"end":{"line":226,"column":26}},"89":{"start":{"line":225,"column":22},"end":{"line":225,"column":98}},"90":{"start":{"line":227,"column":4},"end":{"line":227,"column":null}},"91":{"start":{"line":231,"column":17},"end":{"line":233,"column":68}},"92":{"start":{"line":232,"column":24},"end":{"line":232,"column":75}},"93":{"start":{"line":233,"column":22},"end":{"line":233,"column":66}},"94":{"start":{"line":234,"column":4},"end":{"line":234,"column":null}},"95":{"start":{"line":239,"column":31},"end":{"line":339,"column":1}},"96":{"start":{"line":241,"column":17},"end":{"line":246,"column":6}},"97":{"start":{"line":242,"column":6},"end":{"line":244,"column":null}},"98":{"start":{"line":243,"column":8},"end":{"line":243,"column":null}},"99":{"start":{"line":245,"column":6},"end":{"line":245,"column":null}},"100":{"start":{"line":247,"column":4},"end":{"line":247,"column":null}},"101":{"start":{"line":251,"column":14},"end":{"line":251,"column":38}},"102":{"start":{"line":252,"column":20},"end":{"line":252,"column":76}},"103":{"start":{"line":253,"column":4},"end":{"line":253,"column":null}},"104":{"start":{"line":254,"column":4},"end":{"line":254,"column":null}},"105":{"start":{"line":258,"column":38},"end":{"line":258,"column":44}},"106":{"start":{"line":259,"column":15},"end":{"line":259,"column":34}},"107":{"start":{"line":261,"column":4},"end":{"line":264,"column":null}},"108":{"start":{"line":262,"column":19},"end":{"line":262,"column":46}},"109":{"start":{"line":263,"column":6},"end":{"line":263,"column":null}},"110":{"start":{"line":263,"column":35},"end":{"line":263,"column":66}},"111":{"start":{"line":266,"column":4},"end":{"line":270,"column":null}},"112":{"start":{"line":272,"column":4},"end":{"line":272,"column":null}},"113":{"start":{"line":276,"column":19},"end":{"line":276,"column":69}},"114":{"start":{"line":276,"column":44},"end":{"line":276,"column":68}},"115":{"start":{"line":277,"column":4},"end":{"line":277,"column":null}},"116":{"start":{"line":277,"column":17},"end":{"line":277,"column":null}},"117":{"start":{"line":278,"column":4},"end":{"line":278,"column":null}},"118":{"start":{"line":282,"column":23},"end":{"line":282,"column":82}},"119":{"start":{"line":283,"column":14},"end":{"line":283,"column":37}},"120":{"start":{"line":284,"column":26},"end":{"line":287,"column":7}},"121":{"start":{"line":284,"column":103},"end":{"line":287,"column":5}},"122":{"start":{"line":288,"column":19},"end":{"line":301,"column":5}},"123":{"start":{"line":302,"column":4},"end":{"line":302,"column":null}},"124":{"start":{"line":303,"column":4},"end":{"line":303,"column":null}},"125":{"start":{"line":307,"column":16},"end":{"line":307,"column":71}},"126":{"start":{"line":307,"column":46},"end":{"line":307,"column":70}},"127":{"start":{"line":308,"column":4},"end":{"line":308,"column":null}},"128":{"start":{"line":308,"column":20},"end":{"line":308,"column":null}},"129":{"start":{"line":309,"column":23},"end":{"line":309,"column":116}},"130":{"start":{"line":310,"column":26},"end":{"line":313,"column":7}},"131":{"start":{"line":310,"column":140},"end":{"line":313,"column":5}},"132":{"start":{"line":314,"column":20},"end":{"line":321,"column":5}},"133":{"start":{"line":322,"column":4},"end":{"line":322,"column":null}},"134":{"start":{"line":323,"column":4},"end":{"line":323,"column":null}},"135":{"start":{"line":327,"column":16},"end":{"line":327,"column":71}},"136":{"start":{"line":327,"column":46},"end":{"line":327,"column":70}},"137":{"start":{"line":328,"column":4},"end":{"line":328,"column":null}},"138":{"start":{"line":328,"column":20},"end":{"line":328,"column":null}},"139":{"start":{"line":329,"column":4},"end":{"line":329,"column":null}},"140":{"start":{"line":330,"column":4},"end":{"line":330,"column":null}},"141":{"start":{"line":330,"column":67},"end":{"line":330,"column":100}},"142":{"start":{"line":331,"column":4},"end":{"line":331,"column":null}},"143":{"start":{"line":335,"column":19},"end":{"line":335,"column":69}},"144":{"start":{"line":335,"column":44},"end":{"line":335,"column":68}},"145":{"start":{"line":336,"column":4},"end":{"line":336,"column":null}},"146":{"start":{"line":336,"column":17},"end":{"line":336,"column":null}},"147":{"start":{"line":337,"column":4},"end":{"line":337,"column":null}},"148":{"start":{"line":342,"column":33},"end":{"line":425,"column":1}},"149":{"start":{"line":344,"column":4},"end":{"line":344,"column":null}},"150":{"start":{"line":348,"column":17},"end":{"line":348,"column":72}},"151":{"start":{"line":348,"column":40},"end":{"line":348,"column":52}},"152":{"start":{"line":349,"column":4},"end":{"line":349,"column":null}},"153":{"start":{"line":353,"column":15},"end":{"line":353,"column":42}},"154":{"start":{"line":354,"column":4},"end":{"line":356,"column":null}},"155":{"start":{"line":355,"column":6},"end":{"line":355,"column":null}},"156":{"start":{"line":355,"column":32},"end":{"line":355,"column":82}},"157":{"start":{"line":357,"column":4},"end":{"line":359,"column":null}},"158":{"start":{"line":358,"column":6},"end":{"line":358,"column":null}},"159":{"start":{"line":358,"column":32},"end":{"line":358,"column":79}},"160":{"start":{"line":360,"column":4},"end":{"line":360,"column":null}},"161":{"start":{"line":364,"column":17},"end":{"line":366,"column":44}},"162":{"start":{"line":365,"column":28},"end":{"line":365,"column":85}},"163":{"start":{"line":366,"column":25},"end":{"line":366,"column":43}},"164":{"start":{"line":367,"column":4},"end":{"line":367,"column":null}},"165":{"start":{"line":371,"column":15},"end":{"line":371,"column":38}},"166":{"start":{"line":373,"column":4},"end":{"line":375,"column":null}},"167":{"start":{"line":374,"column":6},"end":{"line":374,"column":null}},"168":{"start":{"line":374,"column":39},"end":{"line":374,"column":92}},"169":{"start":{"line":377,"column":4},"end":{"line":379,"column":null}},"170":{"start":{"line":378,"column":6},"end":{"line":378,"column":null}},"171":{"start":{"line":378,"column":39},"end":{"line":378,"column":69}},"172":{"start":{"line":381,"column":4},"end":{"line":381,"column":null}},"173":{"start":{"line":385,"column":22},"end":{"line":385,"column":107}},"174":{"start":{"line":385,"column":82},"end":{"line":385,"column":102}},"175":{"start":{"line":386,"column":4},"end":{"line":386,"column":null}},"176":{"start":{"line":390,"column":20},"end":{"line":390,"column":129}},"177":{"start":{"line":390,"column":43},"end":{"line":390,"column":80}},"178":{"start":{"line":390,"column":108},"end":{"line":390,"column":128}},"179":{"start":{"line":391,"column":20},"end":{"line":391,"column":69}},"180":{"start":{"line":392,"column":21},"end":{"line":392,"column":112}},"181":{"start":{"line":392,"column":56},"end":{"line":392,"column":82}},"182":{"start":{"line":394,"column":26},"end":{"line":400,"column":5}},"183":{"start":{"line":401,"column":4},"end":{"line":401,"column":null}},"184":{"start":{"line":402,"column":4},"end":{"line":402,"column":null}},"185":{"start":{"line":406,"column":23},"end":{"line":406,"column":77}},"186":{"start":{"line":406,"column":52},"end":{"line":406,"column":76}},"187":{"start":{"line":407,"column":4},"end":{"line":407,"column":null}},"188":{"start":{"line":407,"column":21},"end":{"line":407,"column":null}},"189":{"start":{"line":408,"column":4},"end":{"line":408,"column":null}},"190":{"start":{"line":412,"column":16},"end":{"line":412,"column":75}},"191":{"start":{"line":412,"column":50},"end":{"line":412,"column":74}},"192":{"start":{"line":413,"column":4},"end":{"line":413,"column":null}},"193":{"start":{"line":413,"column":20},"end":{"line":413,"column":null}},"194":{"start":{"line":414,"column":20},"end":{"line":414,"column":62}},"195":{"start":{"line":415,"column":4},"end":{"line":415,"column":null}},"196":{"start":{"line":416,"column":4},"end":{"line":416,"column":null}},"197":{"start":{"line":420,"column":16},"end":{"line":420,"column":75}},"198":{"start":{"line":420,"column":50},"end":{"line":420,"column":74}},"199":{"start":{"line":421,"column":4},"end":{"line":421,"column":null}},"200":{"start":{"line":421,"column":20},"end":{"line":421,"column":null}},"201":{"start":{"line":422,"column":4},"end":{"line":422,"column":null}},"202":{"start":{"line":423,"column":4},"end":{"line":423,"column":null}},"203":{"start":{"line":428,"column":33},"end":{"line":476,"column":1}},"204":{"start":{"line":430,"column":4},"end":{"line":430,"column":null}},"205":{"start":{"line":434,"column":22},"end":{"line":434,"column":58}},"206":{"start":{"line":435,"column":17},"end":{"line":435,"column":104}},"207":{"start":{"line":435,"column":59},"end":{"line":435,"column":103}},"208":{"start":{"line":436,"column":4},"end":{"line":436,"column":null}},"209":{"start":{"line":440,"column":19},"end":{"line":440,"column":71}},"210":{"start":{"line":441,"column":4},"end":{"line":441,"column":null}},"211":{"start":{"line":442,"column":4},"end":{"line":442,"column":null}},"212":{"start":{"line":446,"column":20},"end":{"line":455,"column":6}},"213":{"start":{"line":447,"column":21},"end":{"line":452,"column":7}},"214":{"start":{"line":453,"column":6},"end":{"line":453,"column":null}},"215":{"start":{"line":454,"column":6},"end":{"line":454,"column":null}},"216":{"start":{"line":456,"column":4},"end":{"line":456,"column":null}},"217":{"start":{"line":460,"column":16},"end":{"line":460,"column":85}},"218":{"start":{"line":460,"column":58},"end":{"line":460,"column":84}},"219":{"start":{"line":461,"column":4},"end":{"line":461,"column":null}},"220":{"start":{"line":461,"column":20},"end":{"line":461,"column":null}},"221":{"start":{"line":462,"column":20},"end":{"line":462,"column":68}},"222":{"start":{"line":463,"column":4},"end":{"line":463,"column":null}},"223":{"start":{"line":464,"column":4},"end":{"line":464,"column":null}},"224":{"start":{"line":468,"column":17},"end":{"line":468,"column":98}},"225":{"start":{"line":468,"column":56},"end":{"line":468,"column":97}},"226":{"start":{"line":469,"column":4},"end":{"line":469,"column":null}},"227":{"start":{"line":473,"column":17},"end":{"line":473,"column":148}},"228":{"start":{"line":473,"column":56},"end":{"line":473,"column":147}},"229":{"start":{"line":474,"column":4},"end":{"line":474,"column":null}},"230":{"start":{"line":479,"column":30},"end":{"line":555,"column":1}},"231":{"start":{"line":481,"column":15},"end":{"line":481,"column":42}},"232":{"start":{"line":482,"column":4},"end":{"line":484,"column":null}},"233":{"start":{"line":483,"column":6},"end":{"line":483,"column":null}},"234":{"start":{"line":483,"column":38},"end":{"line":483,"column":109}},"235":{"start":{"line":485,"column":4},"end":{"line":485,"column":null}},"236":{"start":{"line":489,"column":22},"end":{"line":489,"column":72}},"237":{"start":{"line":490,"column":4},"end":{"line":490,"column":null}},"238":{"start":{"line":491,"column":4},"end":{"line":491,"column":null}},"239":{"start":{"line":495,"column":4},"end":{"line":505,"column":null}},"240":{"start":{"line":496,"column":20},"end":{"line":503,"column":7}},"241":{"start":{"line":504,"column":6},"end":{"line":504,"column":null}},"242":{"start":{"line":506,"column":4},"end":{"line":506,"column":null}},"243":{"start":{"line":510,"column":17},"end":{"line":510,"column":106}},"244":{"start":{"line":510,"column":47},"end":{"line":510,"column":105}},"245":{"start":{"line":511,"column":4},"end":{"line":511,"column":null}},"246":{"start":{"line":515,"column":4},"end":{"line":515,"column":null}},"247":{"start":{"line":519,"column":18},"end":{"line":519,"column":59}},"248":{"start":{"line":520,"column":4},"end":{"line":520,"column":null}},"249":{"start":{"line":521,"column":4},"end":{"line":521,"column":null}},"250":{"start":{"line":525,"column":16},"end":{"line":525,"column":70}},"251":{"start":{"line":525,"column":45},"end":{"line":525,"column":69}},"252":{"start":{"line":526,"column":4},"end":{"line":526,"column":null}},"253":{"start":{"line":526,"column":20},"end":{"line":526,"column":null}},"254":{"start":{"line":527,"column":20},"end":{"line":527,"column":57}},"255":{"start":{"line":528,"column":4},"end":{"line":528,"column":null}},"256":{"start":{"line":529,"column":4},"end":{"line":529,"column":null}},"257":{"start":{"line":533,"column":31},"end":{"line":533,"column":120}},"258":{"start":{"line":533,"column":71},"end":{"line":533,"column":119}},"259":{"start":{"line":534,"column":16},"end":{"line":534,"column":49}},"260":{"start":{"line":534,"column":44},"end":{"line":534,"column":48}},"261":{"start":{"line":535,"column":17},"end":{"line":535,"column":81}},"262":{"start":{"line":535,"column":47},"end":{"line":535,"column":80}},"263":{"start":{"line":536,"column":4},"end":{"line":536,"column":null}},"264":{"start":{"line":540,"column":17},"end":{"line":545,"column":7}},"265":{"start":{"line":540,"column":55},"end":{"line":545,"column":5}},"266":{"start":{"line":546,"column":4},"end":{"line":546,"column":null}},"267":{"start":{"line":550,"column":26},"end":{"line":550,"column":64}},"268":{"start":{"line":551,"column":24},"end":{"line":551,"column":98}},"269":{"start":{"line":552,"column":16},"end":{"line":552,"column":44}},"270":{"start":{"line":553,"column":4},"end":{"line":553,"column":null}}},"fnMap":{"0":{"name":"(anonymous_0)","decl":{"start":{"line":11,"column":23},"end":{"line":11,"column":24}},"loc":{"start":{"line":11,"column":31},"end":{"line":11,"column":91}},"line":11},"1":{"name":"(anonymous_1)","decl":{"start":{"line":11,"column":55},"end":{"line":11,"column":59}},"loc":{"start":{"line":11,"column":63},"end":{"line":11,"column":90}},"line":11},"2":{"name":"(anonymous_2)","decl":{"start":{"line":13,"column":23},"end":{"line":13,"column":24}},"loc":{"start":{"line":13,"column":35},"end":{"line":17,"column":1}},"line":13},"3":{"name":"(anonymous_3)","decl":{"start":{"line":21,"column":8},"end":{"line":21,"column":13}},"loc":{"start":{"line":21,"column":34},"end":{"line":31,"column":3}},"line":21},"4":{"name":"(anonymous_4)","decl":{"start":{"line":22,"column":35},"end":{"line":22,"column":36}},"loc":{"start":{"line":22,"column":40},"end":{"line":22,"column":63}},"line":22},"5":{"name":"(anonymous_5)","decl":{"start":{"line":33,"column":8},"end":{"line":33,"column":20}},"loc":{"start":{"line":33,"column":30},"end":{"line":39,"column":3}},"line":33},"6":{"name":"(anonymous_6)","decl":{"start":{"line":41,"column":8},"end":{"line":41,"column":19}},"loc":{"start":{"line":41,"column":28},"end":{"line":45,"column":null}},"line":41},"7":{"name":"(anonymous_7)","decl":{"start":{"line":43,"column":35},"end":{"line":43,"column":36}},"loc":{"start":{"line":43,"column":40},"end":{"line":43,"column":59}},"line":43},"8":{"name":"(anonymous_8)","decl":{"start":{"line":50,"column":8},"end":{"line":50,"column":12}},"loc":{"start":{"line":50,"column":26},"end":{"line":65,"column":3}},"line":50},"9":{"name":"(anonymous_9)","decl":{"start":{"line":55,"column":25},"end":{"line":55,"column":29}},"loc":{"start":{"line":55,"column":33},"end":{"line":55,"column":51}},"line":55},"10":{"name":"(anonymous_10)","decl":{"start":{"line":67,"column":8},"end":{"line":67,"column":14}},"loc":{"start":{"line":67,"column":19},"end":{"line":71,"column":3}},"line":67},"11":{"name":"(anonymous_11)","decl":{"start":{"line":68,"column":35},"end":{"line":68,"column":36}},"loc":{"start":{"line":68,"column":40},"end":{"line":68,"column":64}},"line":68},"12":{"name":"(anonymous_12)","decl":{"start":{"line":73,"column":8},"end":{"line":73,"column":14}},"loc":{"start":{"line":73,"column":24},"end":{"line":106,"column":3}},"line":73},"13":{"name":"(anonymous_13)","decl":{"start":{"line":108,"column":8},"end":{"line":108,"column":14}},"loc":{"start":{"line":108,"column":28},"end":{"line":149,"column":3}},"line":108},"14":{"name":"(anonymous_14)","decl":{"start":{"line":109,"column":45},"end":{"line":109,"column":46}},"loc":{"start":{"line":109,"column":50},"end":{"line":109,"column":74}},"line":109},"15":{"name":"(anonymous_15)","decl":{"start":{"line":151,"column":8},"end":{"line":151,"column":14}},"loc":{"start":{"line":151,"column":19},"end":{"line":156,"column":3}},"line":151},"16":{"name":"(anonymous_16)","decl":{"start":{"line":152,"column":39},"end":{"line":152,"column":40}},"loc":{"start":{"line":152,"column":44},"end":{"line":152,"column":68}},"line":152},"17":{"name":"(anonymous_17)","decl":{"start":{"line":158,"column":8},"end":{"line":158,"column":15}},"loc":{"start":{"line":158,"column":20},"end":{"line":162,"column":3}},"line":158},"18":{"name":"(anonymous_18)","decl":{"start":{"line":160,"column":35},"end":{"line":160,"column":36}},"loc":{"start":{"line":160,"column":40},"end":{"line":160,"column":72}},"line":160},"19":{"name":"(anonymous_19)","decl":{"start":{"line":164,"column":8},"end":{"line":164,"column":21}},"loc":{"start":{"line":164,"column":31},"end":{"line":167,"column":null}},"line":164},"20":{"name":"(anonymous_20)","decl":{"start":{"line":172,"column":8},"end":{"line":172,"column":12}},"loc":{"start":{"line":172,"column":26},"end":{"line":179,"column":3}},"line":172},"21":{"name":"(anonymous_21)","decl":{"start":{"line":181,"column":8},"end":{"line":181,"column":14}},"loc":{"start":{"line":181,"column":19},"end":{"line":185,"column":3}},"line":181},"22":{"name":"(anonymous_22)","decl":{"start":{"line":187,"column":8},"end":{"line":187,"column":14}},"loc":{"start":{"line":187,"column":24},"end":{"line":201,"column":3}},"line":187},"23":{"name":"(anonymous_23)","decl":{"start":{"line":203,"column":8},"end":{"line":203,"column":14}},"loc":{"start":{"line":203,"column":28},"end":{"line":214,"column":3}},"line":203},"24":{"name":"(anonymous_24)","decl":{"start":{"line":204,"column":45},"end":{"line":204,"column":49}},"loc":{"start":{"line":204,"column":53},"end":{"line":204,"column":80}},"line":204},"25":{"name":"(anonymous_25)","decl":{"start":{"line":216,"column":8},"end":{"line":216,"column":14}},"loc":{"start":{"line":216,"column":19},"end":{"line":221,"column":3}},"line":216},"26":{"name":"(anonymous_26)","decl":{"start":{"line":217,"column":45},"end":{"line":217,"column":49}},"loc":{"start":{"line":217,"column":53},"end":{"line":217,"column":80}},"line":217},"27":{"name":"(anonymous_27)","decl":{"start":{"line":223,"column":8},"end":{"line":223,"column":15}},"loc":{"start":{"line":223,"column":30},"end":{"line":228,"column":3}},"line":223},"28":{"name":"(anonymous_28)","decl":{"start":{"line":225,"column":14},"end":{"line":225,"column":18}},"loc":{"start":{"line":225,"column":22},"end":{"line":225,"column":98}},"line":225},"29":{"name":"(anonymous_29)","decl":{"start":{"line":230,"column":8},"end":{"line":230,"column":15}},"loc":{"start":{"line":230,"column":30},"end":{"line":235,"column":null}},"line":230},"30":{"name":"(anonymous_30)","decl":{"start":{"line":232,"column":14},"end":{"line":232,"column":20}},"loc":{"start":{"line":232,"column":24},"end":{"line":232,"column":75}},"line":232},"31":{"name":"(anonymous_31)","decl":{"start":{"line":233,"column":11},"end":{"line":233,"column":17}},"loc":{"start":{"line":233,"column":22},"end":{"line":233,"column":66}},"line":233},"32":{"name":"(anonymous_32)","decl":{"start":{"line":240,"column":8},"end":{"line":240,"column":19}},"loc":{"start":{"line":240,"column":33},"end":{"line":248,"column":3}},"line":240},"33":{"name":"(anonymous_33)","decl":{"start":{"line":241,"column":40},"end":{"line":241,"column":47}},"loc":{"start":{"line":241,"column":51},"end":{"line":246,"column":5}},"line":241},"34":{"name":"(anonymous_34)","decl":{"start":{"line":250,"column":8},"end":{"line":250,"column":21}},"loc":{"start":{"line":250,"column":31},"end":{"line":255,"column":3}},"line":250},"35":{"name":"(anonymous_35)","decl":{"start":{"line":257,"column":8},"end":{"line":257,"column":18}},"loc":{"start":{"line":257,"column":32},"end":{"line":273,"column":3}},"line":257},"36":{"name":"(anonymous_36)","decl":{"start":{"line":263,"column":25},"end":{"line":263,"column":31}},"loc":{"start":{"line":263,"column":35},"end":{"line":263,"column":66}},"line":263},"37":{"name":"(anonymous_37)","decl":{"start":{"line":275,"column":8},"end":{"line":275,"column":17}},"loc":{"start":{"line":275,"column":22},"end":{"line":279,"column":3}},"line":275},"38":{"name":"(anonymous_38)","decl":{"start":{"line":276,"column":39},"end":{"line":276,"column":40}},"loc":{"start":{"line":276,"column":44},"end":{"line":276,"column":68}},"line":276},"39":{"name":"(anonymous_39)","decl":{"start":{"line":281,"column":8},"end":{"line":281,"column":20}},"loc":{"start":{"line":281,"column":30},"end":{"line":304,"column":3}},"line":281},"40":{"name":"(anonymous_40)","decl":{"start":{"line":284,"column":92},"end":{"line":284,"column":98}},"loc":{"start":{"line":284,"column":103},"end":{"line":287,"column":5}},"line":284},"41":{"name":"(anonymous_41)","decl":{"start":{"line":306,"column":8},"end":{"line":306,"column":20}},"loc":{"start":{"line":306,"column":34},"end":{"line":324,"column":3}},"line":306},"42":{"name":"(anonymous_42)","decl":{"start":{"line":307,"column":41},"end":{"line":307,"column":42}},"loc":{"start":{"line":307,"column":46},"end":{"line":307,"column":70}},"line":307},"43":{"name":"(anonymous_43)","decl":{"start":{"line":310,"column":129},"end":{"line":310,"column":135}},"loc":{"start":{"line":310,"column":140},"end":{"line":313,"column":5}},"line":310},"44":{"name":"(anonymous_44)","decl":{"start":{"line":326,"column":8},"end":{"line":326,"column":20}},"loc":{"start":{"line":326,"column":25},"end":{"line":332,"column":3}},"line":326},"45":{"name":"(anonymous_45)","decl":{"start":{"line":327,"column":41},"end":{"line":327,"column":42}},"loc":{"start":{"line":327,"column":46},"end":{"line":327,"column":70}},"line":327},"46":{"name":"(anonymous_46)","decl":{"start":{"line":330,"column":60},"end":{"line":330,"column":63}},"loc":{"start":{"line":330,"column":67},"end":{"line":330,"column":100}},"line":330},"47":{"name":"(anonymous_47)","decl":{"start":{"line":334,"column":8},"end":{"line":334,"column":30}},"loc":{"start":{"line":334,"column":35},"end":{"line":338,"column":null}},"line":334},"48":{"name":"(anonymous_48)","decl":{"start":{"line":335,"column":39},"end":{"line":335,"column":40}},"loc":{"start":{"line":335,"column":44},"end":{"line":335,"column":68}},"line":335},"49":{"name":"(anonymous_49)","decl":{"start":{"line":343,"column":8},"end":{"line":343,"column":16}},"loc":{"start":{"line":343,"column":30},"end":{"line":345,"column":3}},"line":343},"50":{"name":"(anonymous_50)","decl":{"start":{"line":347,"column":8},"end":{"line":347,"column":22}},"loc":{"start":{"line":347,"column":25},"end":{"line":350,"column":3}},"line":347},"51":{"name":"(anonymous_51)","decl":{"start":{"line":348,"column":35},"end":{"line":348,"column":36}},"loc":{"start":{"line":348,"column":40},"end":{"line":348,"column":52}},"line":348},"52":{"name":"(anonymous_52)","decl":{"start":{"line":352,"column":8},"end":{"line":352,"column":26}},"loc":{"start":{"line":352,"column":40},"end":{"line":361,"column":3}},"line":352},"53":{"name":"(anonymous_53)","decl":{"start":{"line":355,"column":25},"end":{"line":355,"column":28}},"loc":{"start":{"line":355,"column":32},"end":{"line":355,"column":82}},"line":355},"54":{"name":"(anonymous_54)","decl":{"start":{"line":358,"column":25},"end":{"line":358,"column":28}},"loc":{"start":{"line":358,"column":32},"end":{"line":358,"column":79}},"line":358},"55":{"name":"(anonymous_55)","decl":{"start":{"line":363,"column":8},"end":{"line":363,"column":27}},"loc":{"start":{"line":363,"column":40},"end":{"line":368,"column":3}},"line":363},"56":{"name":"(anonymous_56)","decl":{"start":{"line":365,"column":14},"end":{"line":365,"column":24}},"loc":{"start":{"line":365,"column":28},"end":{"line":365,"column":85}},"line":365},"57":{"name":"(anonymous_57)","decl":{"start":{"line":366,"column":11},"end":{"line":366,"column":21}},"loc":{"start":{"line":366,"column":25},"end":{"line":366,"column":43}},"line":366},"58":{"name":"(anonymous_58)","decl":{"start":{"line":370,"column":8},"end":{"line":370,"column":22}},"loc":{"start":{"line":370,"column":36},"end":{"line":382,"column":3}},"line":370},"59":{"name":"(anonymous_59)","decl":{"start":{"line":374,"column":25},"end":{"line":374,"column":35}},"loc":{"start":{"line":374,"column":39},"end":{"line":374,"column":92}},"line":374},"60":{"name":"(anonymous_60)","decl":{"start":{"line":378,"column":25},"end":{"line":378,"column":35}},"loc":{"start":{"line":378,"column":39},"end":{"line":378,"column":69}},"line":378},"61":{"name":"(anonymous_61)","decl":{"start":{"line":384,"column":8},"end":{"line":384,"column":24}},"loc":{"start":{"line":384,"column":38},"end":{"line":387,"column":3}},"line":384},"62":{"name":"(anonymous_62)","decl":{"start":{"line":385,"column":77},"end":{"line":385,"column":78}},"loc":{"start":{"line":385,"column":82},"end":{"line":385,"column":102}},"line":385},"63":{"name":"(anonymous_63)","decl":{"start":{"line":389,"column":8},"end":{"line":389,"column":24}},"loc":{"start":{"line":389,"column":34},"end":{"line":403,"column":3}},"line":389},"64":{"name":"(anonymous_64)","decl":{"start":{"line":390,"column":38},"end":{"line":390,"column":39}},"loc":{"start":{"line":390,"column":43},"end":{"line":390,"column":80}},"line":390},"65":{"name":"(anonymous_65)","decl":{"start":{"line":390,"column":103},"end":{"line":390,"column":104}},"loc":{"start":{"line":390,"column":108},"end":{"line":390,"column":128}},"line":390},"66":{"name":"(anonymous_66)","decl":{"start":{"line":392,"column":49},"end":{"line":392,"column":52}},"loc":{"start":{"line":392,"column":56},"end":{"line":392,"column":82}},"line":392},"67":{"name":"(anonymous_67)","decl":{"start":{"line":405,"column":8},"end":{"line":405,"column":21}},"loc":{"start":{"line":405,"column":26},"end":{"line":409,"column":3}},"line":405},"68":{"name":"(anonymous_68)","decl":{"start":{"line":406,"column":47},"end":{"line":406,"column":48}},"loc":{"start":{"line":406,"column":52},"end":{"line":406,"column":76}},"line":406},"69":{"name":"(anonymous_69)","decl":{"start":{"line":411,"column":8},"end":{"line":411,"column":24}},"loc":{"start":{"line":411,"column":38},"end":{"line":417,"column":3}},"line":411},"70":{"name":"(anonymous_70)","decl":{"start":{"line":412,"column":45},"end":{"line":412,"column":46}},"loc":{"start":{"line":412,"column":50},"end":{"line":412,"column":74}},"line":412},"71":{"name":"(anonymous_71)","decl":{"start":{"line":419,"column":8},"end":{"line":419,"column":22}},"loc":{"start":{"line":419,"column":27},"end":{"line":424,"column":null}},"line":419},"72":{"name":"(anonymous_72)","decl":{"start":{"line":420,"column":45},"end":{"line":420,"column":46}},"loc":{"start":{"line":420,"column":50},"end":{"line":420,"column":74}},"line":420},"73":{"name":"(anonymous_73)","decl":{"start":{"line":429,"column":8},"end":{"line":429,"column":21}},"loc":{"start":{"line":429,"column":35},"end":{"line":431,"column":3}},"line":429},"74":{"name":"(anonymous_74)","decl":{"start":{"line":433,"column":8},"end":{"line":433,"column":23}},"loc":{"start":{"line":433,"column":37},"end":{"line":437,"column":3}},"line":433},"75":{"name":"(anonymous_75)","decl":{"start":{"line":435,"column":49},"end":{"line":435,"column":55}},"loc":{"start":{"line":435,"column":59},"end":{"line":435,"column":103}},"line":435},"76":{"name":"(anonymous_76)","decl":{"start":{"line":439,"column":8},"end":{"line":439,"column":24}},"loc":{"start":{"line":439,"column":34},"end":{"line":443,"column":3}},"line":439},"77":{"name":"(anonymous_77)","decl":{"start":{"line":445,"column":8},"end":{"line":445,"column":28}},"loc":{"start":{"line":445,"column":38},"end":{"line":457,"column":3}},"line":445},"78":{"name":"(anonymous_78)","decl":{"start":{"line":446,"column":51},"end":{"line":446,"column":56}},"loc":{"start":{"line":446,"column":60},"end":{"line":455,"column":5}},"line":446},"79":{"name":"(anonymous_79)","decl":{"start":{"line":459,"column":8},"end":{"line":459,"column":24}},"loc":{"start":{"line":459,"column":38},"end":{"line":465,"column":3}},"line":459},"80":{"name":"(anonymous_80)","decl":{"start":{"line":460,"column":51},"end":{"line":460,"column":54}},"loc":{"start":{"line":460,"column":58},"end":{"line":460,"column":84}},"line":460},"81":{"name":"(anonymous_81)","decl":{"start":{"line":467,"column":8},"end":{"line":467,"column":24}},"loc":{"start":{"line":467,"column":49},"end":{"line":470,"column":3}},"line":467},"82":{"name":"(anonymous_82)","decl":{"start":{"line":468,"column":49},"end":{"line":468,"column":52}},"loc":{"start":{"line":468,"column":56},"end":{"line":468,"column":97}},"line":468},"83":{"name":"(anonymous_83)","decl":{"start":{"line":472,"column":8},"end":{"line":472,"column":23}},"loc":{"start":{"line":472,"column":47},"end":{"line":475,"column":null}},"line":472},"84":{"name":"(anonymous_84)","decl":{"start":{"line":473,"column":49},"end":{"line":473,"column":52}},"loc":{"start":{"line":473,"column":56},"end":{"line":473,"column":147}},"line":473},"85":{"name":"(anonymous_85)","decl":{"start":{"line":480,"column":8},"end":{"line":480,"column":26}},"loc":{"start":{"line":480,"column":40},"end":{"line":486,"column":3}},"line":480},"86":{"name":"(anonymous_86)","decl":{"start":{"line":483,"column":25},"end":{"line":483,"column":34}},"loc":{"start":{"line":483,"column":38},"end":{"line":483,"column":109}},"line":483},"87":{"name":"(anonymous_87)","decl":{"start":{"line":488,"column":8},"end":{"line":488,"column":28}},"loc":{"start":{"line":488,"column":38},"end":{"line":492,"column":3}},"line":488},"88":{"name":"(anonymous_88)","decl":{"start":{"line":494,"column":8},"end":{"line":494,"column":20}},"loc":{"start":{"line":494,"column":30},"end":{"line":507,"column":3}},"line":494},"89":{"name":"(anonymous_89)","decl":{"start":{"line":495,"column":27},"end":{"line":495,"column":32}},"loc":{"start":{"line":495,"column":36},"end":{"line":505,"column":5}},"line":495},"90":{"name":"(anonymous_90)","decl":{"start":{"line":509,"column":8},"end":{"line":509,"column":23}},"loc":{"start":{"line":509,"column":42},"end":{"line":512,"column":3}},"line":509},"91":{"name":"(anonymous_91)","decl":{"start":{"line":510,"column":38},"end":{"line":510,"column":43}},"loc":{"start":{"line":510,"column":47},"end":{"line":510,"column":105}},"line":510},"92":{"name":"(anonymous_92)","decl":{"start":{"line":514,"column":8},"end":{"line":514,"column":17}},"loc":{"start":{"line":514,"column":31},"end":{"line":516,"column":3}},"line":514},"93":{"name":"(anonymous_93)","decl":{"start":{"line":518,"column":8},"end":{"line":518,"column":19}},"loc":{"start":{"line":518,"column":29},"end":{"line":522,"column":3}},"line":518},"94":{"name":"(anonymous_94)","decl":{"start":{"line":524,"column":8},"end":{"line":524,"column":19}},"loc":{"start":{"line":524,"column":33},"end":{"line":530,"column":3}},"line":524},"95":{"name":"(anonymous_95)","decl":{"start":{"line":525,"column":40},"end":{"line":525,"column":41}},"loc":{"start":{"line":525,"column":45},"end":{"line":525,"column":69}},"line":525},"96":{"name":"(anonymous_96)","decl":{"start":{"line":532,"column":8},"end":{"line":532,"column":24}},"loc":{"start":{"line":532,"column":49},"end":{"line":537,"column":3}},"line":532},"97":{"name":"(anonymous_97)","decl":{"start":{"line":533,"column":57},"end":{"line":533,"column":67}},"loc":{"start":{"line":533,"column":71},"end":{"line":533,"column":119}},"line":533},"98":{"name":"(anonymous_98)","decl":{"start":{"line":534,"column":39},"end":{"line":534,"column":40}},"loc":{"start":{"line":534,"column":44},"end":{"line":534,"column":48}},"line":534},"99":{"name":"(anonymous_99)","decl":{"start":{"line":535,"column":38},"end":{"line":535,"column":43}},"loc":{"start":{"line":535,"column":47},"end":{"line":535,"column":80}},"line":535},"100":{"name":"(anonymous_100)","decl":{"start":{"line":539,"column":8},"end":{"line":539,"column":26}},"loc":{"start":{"line":539,"column":40},"end":{"line":547,"column":3}},"line":539},"101":{"name":"(anonymous_101)","decl":{"start":{"line":540,"column":40},"end":{"line":540,"column":50}},"loc":{"start":{"line":540,"column":55},"end":{"line":545,"column":5}},"line":540},"102":{"name":"(anonymous_102)","decl":{"start":{"line":549,"column":8},"end":{"line":549,"column":20}},"loc":{"start":{"line":549,"column":32},"end":{"line":554,"column":null}},"line":549}},"branchMap":{"0":{"loc":{"start":{"line":14,"column":2},"end":{"line":14,"column":null}},"type":"if","locations":[{"start":{"line":14,"column":2},"end":{"line":14,"column":null}},{"start":{},"end":{}}],"line":14},"1":{"loc":{"start":{"line":15,"column":21},"end":{"line":15,"column":78}},"type":"binary-expr","locations":[{"start":{"line":15,"column":21},"end":{"line":15,"column":38}},{"start":{"line":15,"column":42},"end":{"line":15,"column":78}}],"line":15},"2":{"loc":{"start":{"line":23,"column":4},"end":{"line":25,"column":null}},"type":"if","locations":[{"start":{"line":23,"column":4},"end":{"line":25,"column":null}},{"start":{},"end":{}}],"line":23},"3":{"loc":{"start":{"line":23,"column":8},"end":{"line":23,"column":62}},"type":"binary-expr","locations":[{"start":{"line":23,"column":8},"end":{"line":23,"column":13}},{"start":{"line":23,"column":18},"end":{"line":23,"column":31}},{"start":{"line":23,"column":35},"end":{"line":23,"column":61}}],"line":23},"4":{"loc":{"start":{"line":34,"column":4},"end":{"line":36,"column":null}},"type":"if","locations":[{"start":{"line":34,"column":4},"end":{"line":36,"column":null}},{"start":{},"end":{}}],"line":34},"5":{"loc":{"start":{"line":42,"column":22},"end":{"line":42,"column":61}},"type":"binary-expr","locations":[{"start":{"line":42,"column":22},"end":{"line":42,"column":42}},{"start":{"line":42,"column":45},"end":{"line":42,"column":61}}],"line":42},"6":{"loc":{"start":{"line":43,"column":17},"end":{"line":43,"column":79}},"type":"binary-expr","locations":[{"start":{"line":43,"column":17},"end":{"line":43,"column":60}},{"start":{"line":43,"column":64},"end":{"line":43,"column":79}}],"line":43},"7":{"loc":{"start":{"line":50,"column":13},"end":{"line":50,"column":24}},"type":"default-arg","locations":[{"start":{"line":50,"column":22},"end":{"line":50,"column":24}}],"line":50},"8":{"loc":{"start":{"line":54,"column":4},"end":{"line":56,"column":null}},"type":"if","locations":[{"start":{"line":54,"column":4},"end":{"line":56,"column":null}},{"start":{},"end":{}}],"line":54},"9":{"loc":{"start":{"line":69,"column":4},"end":{"line":69,"column":null}},"type":"if","locations":[{"start":{"line":69,"column":4},"end":{"line":69,"column":null}},{"start":{},"end":{}}],"line":69},"10":{"loc":{"start":{"line":74,"column":38},"end":{"line":74,"column":82}},"type":"binary-expr","locations":[{"start":{"line":74,"column":38},"end":{"line":74,"column":60}},{"start":{"line":74,"column":64},"end":{"line":74,"column":82}}],"line":74},"11":{"loc":{"start":{"line":79,"column":16},"end":{"line":79,"column":46}},"type":"binary-expr","locations":[{"start":{"line":79,"column":16},"end":{"line":79,"column":32}},{"start":{"line":79,"column":36},"end":{"line":79,"column":46}}],"line":79},"12":{"loc":{"start":{"line":81,"column":12},"end":{"line":81,"column":37}},"type":"binary-expr","locations":[{"start":{"line":81,"column":12},"end":{"line":81,"column":24}},{"start":{"line":81,"column":28},"end":{"line":81,"column":37}}],"line":81},"13":{"loc":{"start":{"line":85,"column":20},"end":{"line":85,"column":81}},"type":"binary-expr","locations":[{"start":{"line":85,"column":20},"end":{"line":85,"column":53}},{"start":{"line":85,"column":57},"end":{"line":85,"column":75}},{"start":{"line":85,"column":79},"end":{"line":85,"column":81}}],"line":85},"14":{"loc":{"start":{"line":86,"column":21},"end":{"line":86,"column":61}},"type":"binary-expr","locations":[{"start":{"line":86,"column":21},"end":{"line":86,"column":55}},{"start":{"line":86,"column":59},"end":{"line":86,"column":61}}],"line":86},"15":{"loc":{"start":{"line":87,"column":19},"end":{"line":87,"column":78}},"type":"binary-expr","locations":[{"start":{"line":87,"column":19},"end":{"line":87,"column":51}},{"start":{"line":87,"column":55},"end":{"line":87,"column":72}},{"start":{"line":87,"column":76},"end":{"line":87,"column":78}}],"line":87},"16":{"loc":{"start":{"line":88,"column":16},"end":{"line":88,"column":70}},"type":"binary-expr","locations":[{"start":{"line":88,"column":16},"end":{"line":88,"column":45}},{"start":{"line":88,"column":49},"end":{"line":88,"column":63}},{"start":{"line":88,"column":67},"end":{"line":88,"column":70}}],"line":88},"17":{"loc":{"start":{"line":89,"column":23},"end":{"line":89,"column":67}},"type":"binary-expr","locations":[{"start":{"line":89,"column":23},"end":{"line":89,"column":59}},{"start":{"line":89,"column":63},"end":{"line":89,"column":67}}],"line":89},"18":{"loc":{"start":{"line":90,"column":21},"end":{"line":90,"column":null}},"type":"binary-expr","locations":[{"start":{"line":90,"column":21},"end":{"line":90,"column":55}},{"start":{"line":90,"column":59},"end":{"line":90,"column":null}}],"line":90},"19":{"loc":{"start":{"line":93,"column":23},"end":{"line":93,"column":89}},"type":"binary-expr","locations":[{"start":{"line":93,"column":23},"end":{"line":93,"column":58}},{"start":{"line":93,"column":62},"end":{"line":93,"column":83}},{"start":{"line":93,"column":87},"end":{"line":93,"column":89}}],"line":93},"20":{"loc":{"start":{"line":94,"column":32},"end":{"line":94,"column":82}},"type":"binary-expr","locations":[{"start":{"line":94,"column":32},"end":{"line":94,"column":76}},{"start":{"line":94,"column":80},"end":{"line":94,"column":82}}],"line":94},"21":{"loc":{"start":{"line":95,"column":33},"end":{"line":95,"column":84}},"type":"binary-expr","locations":[{"start":{"line":95,"column":33},"end":{"line":95,"column":78}},{"start":{"line":95,"column":82},"end":{"line":95,"column":84}}],"line":95},"22":{"loc":{"start":{"line":96,"column":36},"end":{"line":96,"column":90}},"type":"binary-expr","locations":[{"start":{"line":96,"column":36},"end":{"line":96,"column":84}},{"start":{"line":96,"column":88},"end":{"line":96,"column":90}}],"line":96},"23":{"loc":{"start":{"line":97,"column":17},"end":{"line":97,"column":52}},"type":"binary-expr","locations":[{"start":{"line":97,"column":17},"end":{"line":97,"column":46}},{"start":{"line":97,"column":50},"end":{"line":97,"column":52}}],"line":97},"24":{"loc":{"start":{"line":98,"column":14},"end":{"line":98,"column":46}},"type":"binary-expr","locations":[{"start":{"line":98,"column":14},"end":{"line":98,"column":40}},{"start":{"line":98,"column":44},"end":{"line":98,"column":46}}],"line":98},"25":{"loc":{"start":{"line":99,"column":15},"end":{"line":99,"column":48}},"type":"binary-expr","locations":[{"start":{"line":99,"column":15},"end":{"line":99,"column":42}},{"start":{"line":99,"column":46},"end":{"line":99,"column":48}}],"line":99},"26":{"loc":{"start":{"line":100,"column":17},"end":{"line":100,"column":null}},"type":"binary-expr","locations":[{"start":{"line":100,"column":17},"end":{"line":100,"column":46}},{"start":{"line":100,"column":50},"end":{"line":100,"column":null}}],"line":100},"27":{"loc":{"start":{"line":110,"column":4},"end":{"line":110,"column":null}},"type":"if","locations":[{"start":{"line":110,"column":4},"end":{"line":110,"column":null}},{"start":{},"end":{}}],"line":110},"28":{"loc":{"start":{"line":113,"column":23},"end":{"line":113,"column":106}},"type":"binary-expr","locations":[{"start":{"line":113,"column":23},"end":{"line":113,"column":83}},{"start":{"line":113,"column":87},"end":{"line":113,"column":106}}],"line":113},"29":{"loc":{"start":{"line":113,"column":38},"end":{"line":113,"column":82}},"type":"binary-expr","locations":[{"start":{"line":113,"column":38},"end":{"line":113,"column":60}},{"start":{"line":113,"column":64},"end":{"line":113,"column":82}}],"line":113},"30":{"loc":{"start":{"line":118,"column":18},"end":{"line":118,"column":111}},"type":"binary-expr","locations":[{"start":{"line":118,"column":18},"end":{"line":118,"column":51}},{"start":{"line":118,"column":55},"end":{"line":118,"column":73}},{"start":{"line"
[...]
,"/home/majarra/Desktop/Frontend/SIS Frontend/SISFrontend/sis-frontend/src/pages/permissions/PermissionManagement.jsx": {"path":"/home/majarra/Desktop/Frontend/SIS Frontend/SISFrontend/sis-frontend/src/pages/permissions/PermissionManagement.jsx","statementMap":{"0":{"start":{"line":6,"column":18},"end":{"line":51,"column":null}},"1":{"start":{"line":53,"column":29},"end":{"line":286,"column":null}},"2":{"start":{"line":54,"column":24},"end":{"line":54,"column":null}},"3":{"start":{"line":55,"column":38},"end":{"line":55,"column":null}},"4":{"start":{"line":56,"column":34},"end":{"line":56,"column":null}},"5":{"start":{"line":57,"column":30},"end":{"line":57,"column":null}},"6":{"start":{"line":58,"column":8},"end":{"line":58,"column":null}},"7":{"start":{"line":60,"column":2},"end":{"line":66,"column":null}},"8":{"start":{"line":61,"column":4},"end":{"line":65,"column":null}},"9":{"start":{"line":62,"column":6},"end":{"line":64,"column":null}},"10":{"start":{"line":63,"column":8},"end":{"line":63,"column":null}},"11":{"start":{"line":68,"column":2},"end":{"line":72,"column":null}},"12":{"start":{"line":69,"column":4},"end":{"line":71,"column":null}},"13":{"start":{"line":70,"column":6},"end":{"line":70,"column":null}},"14":{"start":{"line":74,"column":24},"end":{"line":78,"column":null}},"15":{"start":{"line":75,"column":4},"end":{"line":77,"column":null}},"16":{"start":{"line":80,"column":33},"end":{"line":100,"column":null}},"17":{"start":{"line":81,"column":4},"end":{"line":81,"column":null}},"18":{"start":{"line":81,"column":23},"end":{"line":81,"column":null}},"19":{"start":{"line":83,"column":4},"end":{"line":99,"column":null}},"20":{"start":{"line":83,"column":21},"end":{"line":99,"column":6}},"21":{"start":{"line":84,"column":6},"end":{"line":97,"column":null}},"22":{"start":{"line":85,"column":28},"end":{"line":94,"column":null}},"23":{"start":{"line":95,"column":8},"end":{"line":95,"column":null}},"24":{"start":{"line":96,"column":8},"end":{"line":96,"column":null}},"25":{"start":{"line":98,"column":6},"end":{"line":98,"column":null}},"26":{"start":{"line":102,"column":21},"end":{"line":116,"column":null}},"27":{"start":{"line":103,"column":4},"end":{"line":106,"column":null}},"28":{"start":{"line":104,"column":6},"end":{"line":104,"column":null}},"29":{"start":{"line":105,"column":6},"end":{"line":105,"column":null}},"30":{"start":{"line":108,"column":4},"end":{"line":108,"column":null}},"31":{"start":{"line":109,"column":4},"end":{"line":111,"column":null}},"32":{"start":{"line":110,"column":6},"end":{"line":110,"column":null}},"33":{"start":{"line":112,"column":4},"end":{"line":115,"column":null}},"34":{"start":{"line":113,"column":6},"end":{"line":113,"column":null}},"35":{"start":{"line":114,"column":6},"end":{"line":114,"column":null}},"36":{"start":{"line":118,"column":2},"end":{"line":122,"column":null}},"37":{"start":{"line":119,"column":4},"end":{"line":121,"column":null}},"38":{"start":{"line":120,"column":6},"end":{"line":120,"column":null}},"39":{"start":{"line":124,"column":2},"end":{"line":284,"column":null}},"40":{"start":{"line":154,"column":35},"end":{"line":154,"column":null}},"41":{"start":{"line":164,"column":16},"end":{"line":180,"column":null}},"42":{"start":{"line":166,"column":33},"end":{"line":166,"column":null}},"43":{"start":{"line":246,"column":22},"end":{"line":265,"column":null}},"44":{"start":{"line":251,"column":26},"end":{"line":263,"column":null}},"45":{"start":{"line":254,"column":47},"end":{"line":254,"column":null}}},"fnMap":{"0":{"name":"(anonymous_0)","decl":{"start":{"line":53,"column":29},"end":{"line":53,"column":35}},"loc":{"start":{"line":53,"column":35},"end":{"line":286,"column":null}},"line":53},"1":{"name":"(anonymous_1)","decl":{"start":{"line":60,"column":12},"end":{"line":60,"column":18}},"loc":{"start":{"line":60,"column":18},"end":{"line":66,"column":5}},"line":60},"2":{"name":"(anonymous_2)","decl":{"start":{"line":61,"column":11},"end":{"line":61,"column":17}},"loc":{"start":{"line":61,"column":17},"end":{"line":65,"column":null}},"line":61},"3":{"name":"(anonymous_3)","decl":{"start":{"line":68,"column":12},"end":{"line":68,"column":18}},"loc":{"start":{"line":68,"column":18},"end":{"line":72,"column":5}},"line":68},"4":{"name":"(anonymous_4)","decl":{"start":{"line":74,"column":37},"end":{"line":74,"column":null}},"loc":{"start":{"line":75,"column":4},"end":{"line":77,"column":null}},"line":75},"5":{"name":"(anonymous_5)","decl":{"start":{"line":80,"column":33},"end":{"line":80,"column":34}},"loc":{"start":{"line":80,"column":53},"end":{"line":100,"column":null}},"line":80},"6":{"name":"(anonymous_6)","decl":{"start":{"line":83,"column":13},"end":{"line":83,"column":21}},"loc":{"start":{"line":83,"column":21},"end":{"line":99,"column":6}},"line":83},"7":{"name":"(anonymous_7)","decl":{"start":{"line":83,"column":30},"end":{"line":83,"column":38}},"loc":{"start":{"line":83,"column":38},"end":{"line":99,"column":5}},"line":83},"8":{"name":"(anonymous_8)","decl":{"start":{"line":102,"column":21},"end":{"line":102,"column":27}},"loc":{"start":{"line":102,"column":27},"end":{"line":116,"column":null}},"line":102},"9":{"name":"(anonymous_9)","decl":{"start":{"line":112,"column":40},"end":{"line":112,"column":46}},"loc":{"start":{"line":112,"column":46},"end":{"line":115,"column":7}},"line":112},"10":{"name":"(anonymous_10)","decl":{"start":{"line":118,"column":12},"end":{"line":118,"column":18}},"loc":{"start":{"line":118,"column":18},"end":{"line":122,"column":5}},"line":118},"11":{"name":"(anonymous_11)","decl":{"start":{"line":154,"column":28},"end":{"line":154,"column":29}},"loc":{"start":{"line":154,"column":35},"end":{"line":154,"column":null}},"line":154},"12":{"name":"(anonymous_12)","decl":{"start":{"line":163,"column":33},"end":{"line":163,"column":null}},"loc":{"start":{"line":164,"column":16},"end":{"line":180,"column":null}},"line":164},"13":{"name":"(anonymous_13)","decl":{"start":{"line":166,"column":27},"end":{"line":166,"column":33}},"loc":{"start":{"line":166,"column":33},"end":{"line":166,"column":null}},"line":166},"14":{"name":"(anonymous_14)","decl":{"start":{"line":245,"column":72},"end":{"line":245,"column":73}},"loc":{"start":{"line":246,"column":22},"end":{"line":265,"column":null}},"line":246},"15":{"name":"(anonymous_15)","decl":{"start":{"line":250,"column":66},"end":{"line":250,"column":null}},"loc":{"start":{"line":251,"column":26},"end":{"line":263,"column":null}},"line":251},"16":{"name":"(anonymous_16)","decl":{"start":{"line":254,"column":41},"end":{"line":254,"column":47}},"loc":{"start":{"line":254,"column":47},"end":{"line":254,"column":null}},"line":254}},"branchMap":{"0":{"loc":{"start":{"line":62,"column":6},"end":{"line":64,"column":null}},"type":"if","locations":[{"start":{"line":62,"column":6},"end":{"line":64,"column":null}},{"start":{},"end":{}}],"line":62},"1":{"loc":{"start":{"line":69,"column":4},"end":{"line":71,"column":null}},"type":"if","locations":[{"start":{"line":69,"column":4},"end":{"line":71,"column":null}},{"start":{},"end":{}}],"line":69},"2":{"loc":{"start":{"line":69,"column":8},"end":{"line":69,"column":39}},"type":"binary-expr","locations":[{"start":{"line":69,"column":8},"end":{"line":69,"column":25}},{"start":{"line":69,"column":25},"end":{"line":69,"column":39}}],"line":69},"3":{"loc":{"start":{"line":75,"column":4},"end":{"line":77,"column":null}},"type":"binary-expr","locations":[{"start":{"line":75,"column":4},"end":{"line":75,"column":null}},{"start":{"line":76,"column":4},"end":{"line":76,"column":null}},{"start":{"line":77,"column":4},"end":{"line":77,"column":null}}],"line":75},"4":{"loc":{"start":{"line":81,"column":4},"end":{"line":81,"column":null}},"type":"if","locations":[{"start":{"line":81,"column":4},"end":{"line":81,"column":null}},{"start":{},"end":{}}],"line":81},"5":{"loc":{"start":{"line":84,"column":6},"end":{"line":97,"column":null}},"type":"if","locations":[{"start":{"line":84,"column":6},"end":{"line":97,"column":null}},{"start":{},"end":{}}],"line":84},"6":{"loc":{"start":{"line":103,"column":4},"end":{"line":106,"column":null}},"type":"if","locations":[{"start":{"line":103,"column":4},"end":{"line":106,"column":null}},{"start":{},"end":{}}],"line":103},"7":{"loc":{"start":{"line":109,"column":4},"end":{"line":111,"column":null}},"type":"if","locations":[{"start":{"line":109,"column":4},"end":{"line":111,"column":null}},{"start":{},"end":{}}],"line":109},"8":{"loc":{"start":{"line":119,"column":4},"end":{"line":121,"column":null}},"type":"if","locations":[{"start":{"line":119,"column":4},"end":{"line":121,"column":null}},{"start":{},"end":{}}],"line":119},"9":{"loc":{"start":{"line":119,"column":8},"end":{"line":119,"column":34}},"type":"binary-expr","locations":[{"start":{"line":119,"column":8},"end":{"line":119,"column":20}},{"start":{"line":119,"column":20},"end":{"line":119,"column":34}}],"line":119},"10":{"loc":{"start":{"line":168,"column":22},"end":{"line":170,"column":63}},"type":"cond-expr","locations":[{"start":{"line":169,"column":24},"end":{"line":169,"column":null}},{"start":{"line":170,"column":24},"end":{"line":170,"column":63}}],"line":168},"11":{"loc":{"start":{"line":188,"column":11},"end":{"line":280,"column":null}},"type":"cond-expr","locations":[{"start":{"line":189,"column":12},"end":{"line":270,"column":null}},{"start":{"line":272,"column":12},"end":{"line":280,"column":null}}],"line":188},"12":{"loc":{"start":{"line":203,"column":21},"end":{"line":218,"column":null}},"type":"cond-expr","locations":[{"start":{"line":204,"column":22},"end":{"line":213,"column":null}},{"start":{"line":215,"column":22},"end":{"line":218,"column":null}}],"line":203},"13":{"loc":{"start":{"line":252,"column":29},"end":{"line":261,"column":null}},"type":"binary-expr","locations":[{"start":{"line":252,"column":29},"end":{"line":252,"column":null}},{"start":{"line":253,"column":30},"end":{"line":261,"column":null}}],"line":252},"14":{"loc":{"start":{"line":256,"column":36},"end":{"line":258,"column":83}},"type":"cond-expr","locations":[{"start":{"line":257,"column":38},"end":{"line":257,"column":null}},{"start":{"line":258,"column":38},"end":{"line":258,"column":83}}],"line":256},"15":{"loc":{"start":{"line":260,"column":63},"end":{"line":260,"column":108}},"type":"cond-expr","locations":[{"start":{"line":260,"column":81},"end":{"line":260,"column":97}},{"start":{"line":260,"column":97},"end":{"line":260,"column":108}}],"line":260}},"s":{"0":1,"1":1,"2":29,"3":29,"4":29,"5":29,"6":29,"7":29,"8":5,"9":5,"10":1,"11":29,"12":12,"13":5,"14":29,"15":87,"16":29,"17":2,"18":0,"19":2,"20":2,"21":6,"22":2,"23":2,"24":2,"25":4,"26":29,"27":1,"28":0,"29":0,"30":1,"31":1,"32":0,"33":1,"34":0,"35":0,"36":29,"37":13,"38":1,"39":29,"40":11,"41":68,"42":4,"43":120,"44":480,"45":2},"f":{"0":29,"1":5,"2":5,"3":12,"4":87,"5":2,"6":2,"7":6,"8":1,"9":0,"10":13,"11":11,"12":68,"13":4,"14":120,"15":480,"16":2},"b":{"0":[1,4],"1":[5,7],"2":[12,5],"3":[87,31,30],"4":[0,2],"5":[2,4],"6":[0,1],"7":[0,1],"8":[1,12],"9":[13,1],"10":[15,53],"11":[24,5],"12":[1,23],"13":[480,312],"14":[287,25],"15":[287,25]},"meta":{"lastBranch":16,"lastFunction":17,"lastStatement":46,"seen":{"s:6:18:51:Infinity":0,"s:53:29:286:Infinity":1,"f:53:29:53:35":0,"s:54:24:54:Infinity":2,"s:55:38:55:Infinity":3,"s:56:34:56:Infinity":4,"s:57:30:57:Infinity":5,"s:58:8:58:Infinity":6,"s:60:2:66:Infinity":7,"f:60:12:60:18":1,"s:61:4:65:Infinity":8,"f:61:11:61:17":2,"b:62:6:64:Infinity:undefined:undefined:undefined:undefined":0,"s:62:6:64:Infinity":9,"s:63:8:63:Infinity":10,"s:68:2:72:Infinity":11,"f:68:12:68:18":3,"b:69:4:71:Infinity:undefined:undefined:undefined:undefined":1,"s:69:4:71:Infinity":12,"b:69:8:69:25:69:25:69:39":2,"s:70:6:70:Infinity":13,"s:74:24:78:Infinity":14,"f:74:37:74:Infinity":4,"s:75:4:77:Infinity":15,"b:75:4:75:Infinity:76:4:76:Infinity:77:4:77:Infinity":3,"s:80:33:100:Infinity":16,"f:80:33:80:34":5,"b:81:4:81:Infinity:undefined:undefined:undefined:undefined":4,"s:81:4:81:Infinity":17,"s:81:23:81:Infinity":18,"s:83:4:99:Infinity":19,"f:83:13:83:21":6,"s:83:21:99:6":20,"f:83:30:83:38":7,"b:84:6:97:Infinity:undefined:undefined:undefined:undefined":5,"s:84:6:97:Infinity":21,"s:85:28:94:Infinity":22,"s:95:8:95:Infinity":23,"s:96:8:96:Infinity":24,"s:98:6:98:Infinity":25,"s:102:21:116:Infinity":26,"f:102:21:102:27":8,"b:103:4:106:Infinity:undefined:undefined:undefined:undefined":6,"s:103:4:106:Infinity":27,"s:104:6:104:Infinity":28,"s:105:6:105:Infinity":29,"s:108:4:108:Infinity":30,"b:109:4:111:Infinity:undefined:undefined:undefined:undefined":7,"s:109:4:111:Infinity":31,"s:110:6:110:Infinity":32,"s:112:4:115:Infinity":33,"f:112:40:112:46":9,"s:113:6:113:Infinity":34,"s:114:6:114:Infinity":35,"s:118:2:122:Infinity":36,"f:118:12:118:18":10,"b:119:4:121:Infinity:undefined:undefined:undefined:undefined":8,"s:119:4:121:Infinity":37,"b:119:8:119:20:119:20:119:34":9,"s:120:6:120:Infinity":38,"s:124:2:284:Infinity":39,"f:154:28:154:29":11,"s:154:35:154:Infinity":40,"f:163:33:163:Infinity":12,"s:164:16:180:Infinity":41,"f:166:27:166:33":13,"s:166:33:166:Infinity":42,"b:169:24:169:Infinity:170:24:170:63":10,"b:189:12:270:Infinity:272:12:280:Infinity":11,"b:204:22:213:Infinity:215:22:218:Infinity":12,"f:245:72:245:73":14,"s:246:22:265:Infinity":43,"f:250:66:250:Infinity":15,"s:251:26:263:Infinity":44,"b:252:29:252:Infinity:253:30:261:Infinity":13,"f:254:41:254:47":16,"s:254:47:254:Infinity":45,"b:257:38:257:Infinity:258:38:258:83":14,"b:260:81:260:97:260:97:260:108":15}}}
,"/home/majarra/Desktop/Frontend/SIS Frontend/SISFrontend/sis-frontend/src/tests/test-utils.jsx": {"path":"/home/majarra/Desktop/Frontend/SIS Frontend/SISFrontend/sis-frontend/src/tests/test-utils.jsx","statementMap":{"0":{"start":{"line":8,"column":31},"end":{"line":29,"column":null}},"1":{"start":{"line":9,"column":15},"end":{"line":13,"column":null}},"2":{"start":{"line":15,"column":19},"end":{"line":15,"column":null}},"3":{"start":{"line":17,"column":2},"end":{"line":28,"column":null}},"4":{"start":{"line":31,"column":35},"end":{"line":56,"column":null}},"5":{"start":{"line":37,"column":6},"end":{"line":37,"column":null}},"6":{"start":{"line":39,"column":20},"end":{"line":39,"column":null}},"7":{"start":{"line":41,"column":18},"end":{"line":52,"column":null}},"8":{"start":{"line":42,"column":4},"end":{"line":52,"column":null}},"9":{"start":{"line":55,"column":2},"end":{"line":55,"column":null}}},"fnMap":{"0":{"name":"(anonymous_0)","decl":{"start":{"line":8,"column":31},"end":{"line":8,"column":32}},"loc":{"start":{"line":8,"column":51},"end":{"line":29,"column":null}},"line":8},"1":{"name":"(anonymous_1)","decl":{"start":{"line":31,"column":35},"end":{"line":31,"column":36}},"loc":{"start":{"line":31,"column":57},"end":{"line":56,"column":null}},"line":31},"2":{"name":"(anonymous_2)","decl":{"start":{"line":41,"column":18},"end":{"line":41,"column":19}},"loc":{"start":{"line":42,"column":4},"end":{"line":52,"column":null}},"line":42}},"branchMap":{"0":{"loc":{"start":{"line":8,"column":32},"end":{"line":8,"column":51}},"type":"default-arg","locations":[{"start":{"line":8,"column":44},"end":{"line":8,"column":51}}],"line":8},"1":{"loc":{"start":{"line":9,"column":15},"end":{"line":13,"column":null}},"type":"binary-expr","locations":[{"start":{"line":9,"column":15},"end":{"line":9,"column":34}},{"start":{"line":9,"column":34},"end":{"line":13,"column":null}}],"line":9},"2":{"loc":{"start":{"line":9,"column":34},"end":{"line":13,"column":null}},"type":"cond-expr","locations":[{"start":{"line":9,"column":62},"end":{"line":13,"column":6}},{"start":{"line":13,"column":6},"end":{"line":13,"column":null}}],"line":9},"3":{"loc":{"start":{"line":12,"column":10},"end":{"line":12,"column":null}},"type":"binary-expr","locations":[{"start":{"line":12,"column":10},"end":{"line":12,"column":32}},{"start":{"line":12,"column":32},"end":{"line":12,"column":null}}],"line":12},"4":{"loc":{"start":{"line":15,"column":19},"end":{"line":15,"column":null}},"type":"binary-expr","locations":[{"start":{"line":15,"column":19},"end":{"line":15,"column":41}},{"start":{"line":15,"column":41},"end":{"line":15,"column":55}},{"start":{"line":15,"column":55},"end":{"line":15,"column":null}}],"line":15},"5":{"loc":{"start":{"line":21,"column":13},"end":{"line":21,"column":null}},"type":"binary-expr","locations":[{"start":{"line":21,"column":13},"end":{"line":21,"column":34}},{"start":{"line":21,"column":34},"end":{"line":21,"column":null}}],"line":21},"6":{"loc":{"start":{"line":22,"column":21},"end":{"line":22,"column":null}},"type":"binary-expr","locations":[{"start":{"line":22,"column":21},"end":{"line":22,"column":50}},{"start":{"line":22,"column":50},"end":{"line":22,"column":null}}],"line":22},"7":{"loc":{"start":{"line":24,"column":13},"end":{"line":24,"column":null}},"type":"binary-expr","locations":[{"start":{"line":24,"column":13},"end":{"line":24,"column":34}},{"start":{"line":24,"column":34},"end":{"line":24,"column":null}}],"line":24},"8":{"loc":{"start":{"line":25,"column":11},"end":{"line":25,"column":null}},"type":"binary-expr","locations":[{"start":{"line":25,"column":11},"end":{"line":25,"column":30}},{"start":{"line":25,"column":30},"end":{"line":25,"column":null}}],"line":25},"9":{"loc":{"start":{"line":26,"column":12},"end":{"line":26,"column":null}},"type":"binary-expr","locations":[{"start":{"line":26,"column":12},"end":{"line":26,"column":32}},{"start":{"line":26,"column":32},"end":{"line":26,"column":null}}],"line":26},"10":{"loc":{"start":{"line":31,"column":40},"end":{"line":31,"column":57}},"type":"default-arg","locations":[{"start":{"line":31,"column":50},"end":{"line":31,"column":57}}],"line":31},"11":{"loc":{"start":{"line":33,"column":4},"end":{"line":33,"column":null}},"type":"default-arg","locations":[{"start":{"line":33,"column":11},"end":{"line":33,"column":null}}],"line":33},"12":{"loc":{"start":{"line":34,"column":4},"end":{"line":34,"column":null}},"type":"default-arg","locations":[{"start":{"line":34,"column":21},"end":{"line":34,"column":null}}],"line":34},"13":{"loc":{"start":{"line":35,"column":4},"end":{"line":35,"column":null}},"type":"default-arg","locations":[{"start":{"line":35,"column":16},"end":{"line":35,"column":null}}],"line":35},"14":{"loc":{"start":{"line":44,"column":9},"end":{"line":49,"column":null}},"type":"cond-expr","locations":[{"start":{"line":45,"column":10},"end":{"line":48,"column":null}},{"start":{"line":49,"column":12},"end":{"line":49,"column":null}}],"line":44}},"s":{"0":4,"1":70,"2":70,"3":70,"4":4,"5":70,"6":70,"7":70,"8":70,"9":70},"f":{"0":70,"1":70,"2":70},"b":{"0":[70],"1":[70,69],"2":[28,41],"3":[28,0],"4":[70,40,39],"5":[70,69],"6":[70,40],"7":[70,70],"8":[70,56],"9":[70,70],"10":[70],"11":[70],"12":[70],"13":[70],"14":[20,50]},"meta":{"lastBranch":15,"lastFunction":3,"lastStatement":10,"seen":{"s:8:31:29:Infinity":0,"f:8:31:8:32":0,"b:8:44:8:51":0,"s:9:15:13:Infinity":1,"b:9:15:9:34:9:34:13:Infinity":1,"b:9:62:13:6:13:6:13:Infinity":2,"b:12:10:12:32:12:32:12:Infinity":3,"s:15:19:15:Infinity":2,"b:15:19:15:41:15:41:15:55:15:55:15:Infinity":4,"s:17:2:28:Infinity":3,"b:21:13:21:34:21:34:21:Infinity":5,"b:22:21:22:50:22:50:22:Infinity":6,"b:24:13:24:34:24:34:24:Infinity":7,"b:25:11:25:30:25:30:25:Infinity":8,"b:26:12:26:32:26:32:26:Infinity":9,"s:31:35:56:Infinity":4,"f:31:35:31:36":1,"b:31:50:31:57":10,"s:37:6:37:Infinity":5,"b:33:11:33:Infinity":11,"b:34:21:34:Infinity":12,"b:35:16:35:Infinity":13,"s:39:20:39:Infinity":6,"s:41:18:52:Infinity":7,"f:41:18:41:19":2,"s:42:4:52:Infinity":8,"b:45:10:48:Infinity:49:12:49:Infinity":14,"s:55:2:55:Infinity":9}}}
}
